2025-07-16 15:15:20,119 - INFO -  * Restarting with stat
2025-07-16 15:15:20,422 - INFO - Emitting new state
2025-07-16 15:15:22,259 - WARNING -  * Debugger is active!
2025-07-16 15:15:22,273 - INFO -  * Debugger PIN: 126-635-709
2025-07-16 15:15:22,500 - INFO - Emitting new state
2025-07-16 15:15:25,849 - INFO - Emitting new state
2025-07-16 15:15:27,829 - INFO - Emitting new state
2025-07-16 15:15:31,276 - INFO - Emitting new state
2025-07-16 15:15:33,153 - INFO - Emitting new state
2025-07-16 15:15:36,704 - INFO - Emitting new state
2025-07-16 15:15:38,479 - INFO - Emitting new state
2025-07-16 15:16:02,685 - INFO -  * Restarting with stat
2025-07-16 15:16:03,011 - INFO - Emitting new state
2025-07-16 15:16:04,866 - WARNING -  * Debugger is active!
2025-07-16 15:16:04,874 - INFO -  * Debugger PIN: 126-635-709
2025-07-16 15:16:05,070 - INFO - Emitting new state
2025-07-16 15:16:08,447 - INFO - Emitting new state
2025-07-16 15:16:10,401 - INFO - Emitting new state
2025-07-16 15:16:13,874 - INFO - Emitting new state
2025-07-16 15:16:15,716 - INFO - Emitting new state
2025-07-16 15:16:19,301 - INFO - Emitting new state
2025-07-16 15:16:21,030 - INFO - Emitting new state
2025-07-16 15:16:24,833 - INFO - Emitting new state
2025-07-16 15:16:26,352 - INFO - Emitting new state
2025-07-16 15:16:30,362 - INFO - Emitting new state
2025-07-16 15:16:31,691 - INFO - Emitting new state
2025-07-16 15:16:35,788 - INFO - Emitting new state
2025-07-16 15:16:37,016 - INFO - Emitting new state
2025-07-16 15:16:41,216 - INFO - Emitting new state
2025-07-16 15:16:42,337 - INFO - Emitting new state
2025-07-16 15:16:46,747 - INFO - Emitting new state
2025-07-16 15:16:47,668 - INFO - Emitting new state
2025-07-16 15:16:52,172 - INFO - Emitting new state
2025-07-16 15:16:52,982 - INFO - Emitting new state
2025-07-16 15:16:57,704 - INFO - Emitting new state
2025-07-16 15:16:58,308 - INFO - Emitting new state
2025-07-16 15:17:03,189 - INFO - Emitting new state
2025-07-16 15:17:03,627 - INFO - Emitting new state
2025-07-16 15:17:08,659 - INFO - Emitting new state
2025-07-16 15:17:08,949 - INFO - Emitting new state
2025-07-16 15:17:14,086 - INFO - Emitting new state
2025-07-16 15:17:14,275 - INFO - Emitting new state
2025-07-16 15:17:19,513 - INFO - Emitting new state
2025-07-16 15:17:19,601 - INFO - Emitting new state
2025-07-16 15:17:25,121 - INFO - Emitting new state
2025-07-16 15:17:25,121 - INFO - Emitting new state
2025-07-16 15:17:30,975 - INFO - Emitting new state
2025-07-16 15:17:30,976 - INFO - Emitting new state
2025-07-16 15:17:36,697 - INFO - Emitting new state
2025-07-16 15:17:36,698 - INFO - Emitting new state
2025-07-16 15:17:42,532 - INFO - Emitting new state
2025-07-16 15:17:42,533 - INFO - Emitting new state
2025-07-16 15:17:48,368 - INFO - Emitting new state
2025-07-16 15:17:48,370 - INFO - Emitting new state
2025-07-16 15:17:54,202 - INFO - Emitting new state
2025-07-16 15:17:54,202 - INFO - Emitting new state
2025-07-16 15:17:59,940 - INFO - Emitting new state
2025-07-16 15:17:59,940 - INFO - Emitting new state
2025-07-16 15:18:05,556 - INFO - Emitting new state
2025-07-16 15:18:05,558 - INFO - Emitting new state
2025-07-16 15:18:11,305 - INFO - Emitting new state
2025-07-16 15:18:11,305 - INFO - Emitting new state
2025-07-16 15:18:17,038 - INFO - Emitting new state
2025-07-16 15:18:17,038 - INFO - Emitting new state
2025-07-16 15:19:04,405 - INFO -  * Restarting with stat
2025-07-16 15:19:04,734 - INFO - Emitting new state
2025-07-16 15:19:08,112 - WARNING -  * Debugger is active!
2025-07-16 15:19:08,135 - INFO -  * Debugger PIN: 126-635-709
2025-07-16 15:19:08,569 - INFO - Emitting new state
2025-07-16 15:19:10,058 - INFO - Emitting new state
2025-07-16 15:19:13,997 - INFO - Emitting new state
2025-07-16 15:19:15,387 - INFO - Emitting new state
2025-07-16 15:19:19,423 - INFO - Emitting new state
2025-07-16 15:19:20,710 - INFO - Emitting new state
2025-07-16 15:19:24,851 - INFO - Emitting new state
2025-07-16 15:19:26,038 - INFO - Emitting new state
2025-07-16 15:19:30,280 - INFO - Emitting new state
2025-07-16 15:19:31,364 - INFO - Emitting new state
2025-07-16 15:19:35,705 - INFO - Emitting new state
2025-07-16 15:19:36,691 - INFO - Emitting new state
2025-07-16 15:19:41,236 - INFO - Emitting new state
2025-07-16 15:19:42,009 - INFO - Emitting new state
2025-07-16 15:19:47,474 - INFO -  * Restarting with stat
2025-07-16 15:19:47,788 - INFO - Emitting new state
2025-07-16 15:19:49,550 - WARNING -  * Debugger is active!
2025-07-16 15:19:49,558 - INFO -  * Debugger PIN: 126-635-709
2025-07-16 15:19:49,763 - INFO - Emitting new state
2025-07-16 15:20:03,112 - INFO - Emitting new state
2025-07-16 15:20:05,098 - INFO - Emitting new state
2025-07-16 15:20:18,611 - INFO - Emitting new state
2025-07-16 15:20:20,445 - INFO - Emitting new state
2025-07-16 15:20:34,177 - INFO - Emitting new state
2025-07-16 15:20:35,785 - INFO - Emitting new state
2025-07-16 15:20:49,639 - INFO - Emitting new state
2025-07-16 15:20:51,156 - INFO - Emitting new state
2025-07-16 15:21:04,974 - INFO - Emitting new state
2025-07-16 15:21:06,486 - INFO - Emitting new state
2025-07-16 15:21:20,461 - INFO - Emitting new state
2025-07-16 15:21:21,827 - INFO - Emitting new state
2025-07-16 15:21:36,026 - INFO - Emitting new state
2025-07-16 15:21:37,197 - INFO - Emitting new state
2025-07-16 15:21:51,490 - INFO - Emitting new state
2025-07-16 15:21:52,544 - INFO - Emitting new state
2025-07-16 15:22:06,953 - INFO - Emitting new state
2025-07-16 15:22:07,870 - INFO - Emitting new state
2025-07-16 15:22:22,412 - INFO - Emitting new state
2025-07-16 15:22:23,224 - INFO - Emitting new state
2025-07-16 15:22:37,875 - INFO - Emitting new state
2025-07-16 15:22:38,564 - INFO - Emitting new state
2025-07-16 15:22:53,339 - INFO - Emitting new state
2025-07-16 15:22:53,911 - INFO - Emitting new state
2025-07-16 15:23:08,802 - INFO - Emitting new state
2025-07-16 15:23:09,240 - INFO - Emitting new state
2025-07-16 15:23:24,367 - INFO - Emitting new state
2025-07-16 15:23:24,597 - INFO - Emitting new state
2025-07-16 15:23:39,828 - INFO - Emitting new state
2025-07-16 15:23:39,920 - INFO - Emitting new state
2025-07-16 15:23:55,675 - INFO - Emitting new state
2025-07-16 15:23:55,675 - INFO - Emitting new state
2025-07-16 15:24:11,446 - INFO - Emitting new state
2025-07-16 15:24:11,446 - INFO - Emitting new state
2025-07-16 15:24:27,214 - INFO - Emitting new state
2025-07-16 15:24:27,214 - INFO - Emitting new state
2025-07-16 15:24:43,086 - INFO - Emitting new state
2025-07-16 15:24:43,088 - INFO - Emitting new state
2025-07-16 15:24:58,958 - INFO - Emitting new state
2025-07-16 15:24:58,958 - INFO - Emitting new state
2025-07-16 15:25:14,730 - INFO - Emitting new state
2025-07-16 15:25:14,731 - INFO - Emitting new state
2025-07-16 15:25:30,498 - INFO - Emitting new state
2025-07-16 15:25:30,498 - INFO - Emitting new state
2025-07-16 15:25:46,370 - INFO - Emitting new state
2025-07-16 15:25:46,370 - INFO - Emitting new state
2025-07-16 15:26:02,246 - INFO - Emitting new state
2025-07-16 15:26:02,246 - INFO - Emitting new state
2025-07-16 15:26:18,114 - INFO - Emitting new state
2025-07-16 15:26:18,114 - INFO - Emitting new state
2025-07-16 15:26:33,986 - INFO - Emitting new state
2025-07-16 15:26:33,987 - INFO - Emitting new state
2025-07-16 15:26:49,755 - INFO - Emitting new state
2025-07-16 15:26:49,755 - INFO - Emitting new state
2025-07-16 15:27:05,526 - INFO - Emitting new state
2025-07-16 15:27:05,530 - INFO - Emitting new state
2025-07-16 15:27:21,234 - INFO - Emitting new state
2025-07-16 15:27:21,234 - INFO - Emitting new state
2025-07-16 15:27:37,065 - INFO - Emitting new state
2025-07-16 15:27:37,066 - INFO - Emitting new state
2025-07-16 15:27:52,939 - INFO - Emitting new state
2025-07-16 15:27:52,939 - INFO - Emitting new state
2025-07-16 15:28:08,712 - INFO - Emitting new state
2025-07-16 15:28:08,713 - INFO - Emitting new state
2025-07-16 15:28:24,578 - INFO - Emitting new state
2025-07-16 15:28:24,579 - INFO - Emitting new state
2025-07-16 15:28:34,509 - INFO -  * Detected change in '/home/scrumpi/containers/therm-2/App.py', reloading
2025-07-16 15:28:41,842 - INFO -  * Restarting with stat
2025-07-16 15:28:42,317 - INFO - Emitting new state
2025-07-16 15:28:43,953 - WARNING -  * Debugger is active!
2025-07-16 15:28:44,000 - INFO -  * Debugger PIN: 126-635-709
2025-07-16 15:28:44,151 - INFO - Emitting new state
2025-07-16 15:28:57,885 - INFO - Emitting new state
2025-07-16 15:28:59,481 - INFO - Emitting new state
2025-07-16 15:29:13,345 - INFO - Emitting new state
2025-07-16 15:29:14,827 - INFO - Emitting new state
2025-07-16 15:29:28,909 - INFO - Emitting new state
2025-07-16 15:29:30,159 - INFO - Emitting new state
2025-07-16 15:29:44,374 - INFO - Emitting new state
2025-07-16 15:29:45,489 - INFO - Emitting new state
2025-07-16 15:29:59,835 - INFO - Emitting new state
2025-07-16 15:30:00,819 - INFO - Emitting new state
2025-07-16 15:30:15,297 - INFO - Emitting new state
2025-07-16 15:30:16,193 - INFO - Emitting new state
2025-07-16 15:30:30,760 - INFO - Emitting new state
2025-07-16 15:30:31,534 - INFO - Emitting new state
2025-07-16 15:30:46,222 - INFO - Emitting new state
2025-07-16 15:30:46,869 - INFO - Emitting new state
2025-07-16 15:31:01,583 - INFO - Emitting new state
2025-07-16 15:31:02,221 - INFO - Emitting new state
2025-07-16 15:31:16,941 - INFO - Emitting new state
2025-07-16 15:31:17,556 - INFO - Emitting new state
2025-07-16 15:31:33,304 - INFO - Emitting new state
2025-07-16 15:31:33,304 - INFO - Emitting new state
2025-07-16 15:31:49,074 - INFO - Emitting new state
2025-07-16 15:31:49,074 - INFO - Emitting new state
2025-07-16 15:32:04,674 - INFO - Emitting new state
2025-07-16 15:32:04,686 - INFO - Emitting new state
2025-07-16 15:32:20,410 - INFO - Emitting new state
2025-07-16 15:32:20,410 - INFO - Emitting new state
2025-07-16 15:32:36,284 - INFO - Emitting new state
2025-07-16 15:32:36,284 - INFO - Emitting new state
2025-07-16 15:32:52,567 - INFO - Emitting new state
2025-07-16 15:32:52,567 - INFO - Emitting new state
2025-07-16 15:33:08,435 - INFO - Emitting new state
2025-07-16 15:33:08,435 - INFO - Emitting new state
2025-07-16 15:33:24,307 - INFO - Emitting new state
2025-07-16 15:33:24,307 - INFO - Emitting new state
2025-07-16 15:33:40,080 - INFO - Emitting new state
2025-07-16 15:33:40,082 - INFO - Emitting new state
2025-07-16 15:33:55,844 - INFO - Emitting new state
2025-07-16 15:33:55,844 - INFO - Emitting new state
2025-07-16 15:34:11,617 - INFO - Emitting new state
2025-07-16 15:34:11,618 - INFO - Emitting new state
2025-07-16 15:34:27,796 - INFO - Emitting new state
2025-07-16 15:34:27,796 - INFO - Emitting new state
2025-07-16 15:34:43,875 - INFO - Emitting new state
2025-07-16 15:34:43,877 - INFO - Emitting new state
2025-07-16 15:34:59,746 - INFO - Emitting new state
2025-07-16 15:34:59,746 - INFO - Emitting new state
2025-07-16 15:35:15,616 - INFO - Emitting new state
2025-07-16 15:35:15,616 - INFO - Emitting new state
2025-07-16 15:35:31,496 - INFO - Emitting new state
2025-07-16 15:35:31,496 - INFO - Emitting new state
2025-07-16 15:35:47,363 - INFO - Emitting new state
2025-07-16 15:35:47,364 - INFO - Emitting new state
2025-07-16 15:36:03,133 - INFO - Emitting new state
2025-07-16 15:36:03,134 - INFO - Emitting new state
2025-07-16 15:36:19,002 - INFO - Emitting new state
2025-07-16 15:36:19,002 - INFO - Emitting new state
2025-07-16 15:36:34,889 - INFO - Emitting new state
2025-07-16 15:36:34,890 - INFO - Emitting new state
2025-07-16 15:36:50,655 - INFO - Emitting new state
2025-07-16 15:36:50,656 - INFO - Emitting new state
2025-07-16 15:37:06,528 - INFO - Emitting new state
2025-07-16 15:37:06,528 - INFO - Emitting new state
2025-07-16 15:37:22,404 - INFO - Emitting new state
2025-07-16 15:37:22,404 - INFO - Emitting new state
2025-07-16 15:37:38,174 - INFO - Emitting new state
2025-07-16 15:37:38,174 - INFO - Emitting new state
2025-07-16 15:37:54,046 - INFO - Emitting new state
2025-07-16 15:37:54,046 - INFO - Emitting new state
2025-07-16 15:38:09,914 - INFO - Emitting new state
2025-07-16 15:38:09,915 - INFO - Emitting new state
2025-07-16 15:38:25,686 - INFO - Emitting new state
2025-07-16 15:38:25,686 - INFO - Emitting new state
2025-07-16 15:38:41,563 - INFO - Emitting new state
2025-07-16 15:38:41,563 - INFO - Emitting new state
2025-07-16 15:38:57,431 - INFO - Emitting new state
2025-07-16 15:38:57,431 - INFO - Emitting new state
2025-07-16 15:39:13,203 - INFO - Emitting new state
2025-07-16 15:39:13,203 - INFO - Emitting new state
2025-07-16 15:39:29,075 - INFO - Emitting new state
2025-07-16 15:39:29,075 - INFO - Emitting new state
2025-07-16 15:39:44,943 - INFO - Emitting new state
2025-07-16 15:39:44,945 - INFO - Emitting new state
2025-07-16 15:40:00,813 - INFO - Emitting new state
2025-07-16 15:40:00,813 - INFO - Emitting new state
2025-07-16 15:40:16,586 - INFO - Emitting new state
2025-07-16 15:40:16,586 - INFO - Emitting new state
2025-07-16 15:40:32,454 - INFO - Emitting new state
2025-07-16 15:40:32,454 - INFO - Emitting new state
2025-07-16 15:40:48,326 - INFO - Emitting new state
2025-07-16 15:40:48,326 - INFO - Emitting new state
2025-07-16 15:41:04,136 - INFO - Emitting new state
2025-07-16 15:41:04,136 - INFO - Emitting new state
2025-07-16 15:41:08,977 - INFO -  * Detected change in '/home/scrumpi/containers/therm-2/App.py', reloading
2025-07-16 15:41:19,588 - INFO - Emitting new state
2025-07-16 15:41:35,148 - INFO - Emitting new state
2025-07-16 15:41:50,452 - INFO - Server initialized for threading.
2025-07-16 15:41:50,473 - INFO - [31m[1mWARNING: This is a development server. Do not use it in a production deployment. Use a production WSGI server instead.[0m
 * Running on all addresses (0.0.0.0)
 * Running on http://127.0.0.1:5023
 * Running on http://10.1.1.11:5023
2025-07-16 15:41:50,474 - INFO - [33mPress CTRL+C to quit[0m
2025-07-16 15:41:50,474 - INFO -  * Restarting with stat
2025-07-16 15:41:50,822 - INFO - Emitting new state
2025-07-16 15:41:50,823 - INFO - emitting event "state_update" to all [/]
2025-07-16 15:41:52,213 - INFO - Server initialized for threading.
2025-07-16 15:41:52,234 - WARNING -  * Debugger is active!
2025-07-16 15:41:52,241 - INFO -  * Debugger PIN: 125-598-052
2025-07-16 15:41:52,255 - ERROR - http://10.1.1.11:3001 is not an accepted origin. (further occurrences of this error will be logged with level INFO)
2025-07-16 15:41:52,258 - ERROR - http://10.1.1.11:3001 is not an accepted origin. (further occurrences of this error will be logged with level INFO)
2025-07-16 15:41:52,260 - INFO - 10.1.1.28 - - [16/Jul/2025 15:41:52] "[31m[1mGET /socket.io/?EIO=4&transport=polling&t=PWK-DDk HTTP/1.1[0m" 400 -
2025-07-16 15:41:52,260 - INFO - 10.1.1.28 - - [16/Jul/2025 15:41:52] "[31m[1mGET /socket.io/?EIO=4&transport=polling&t=PWK-C-1 HTTP/1.1[0m" 400 -
2025-07-16 15:41:52,443 - INFO - Emitting new state
2025-07-16 15:41:52,444 - INFO - emitting event "state_update" to all [/]
2025-07-16 15:41:53,458 - INFO - http://10.1.1.11:3001 is not an accepted origin.
2025-07-16 15:41:53,459 - INFO - 10.1.1.28 - - [16/Jul/2025 15:41:53] "[31m[1mGET /socket.io/?EIO=4&transport=polling&t=PWK-EEG HTTP/1.1[0m" 400 -
2025-07-16 15:41:55,609 - INFO - http://10.1.1.11:3001 is not an accepted origin.
2025-07-16 15:41:55,610 - INFO - 10.1.1.28 - - [16/Jul/2025 15:41:55] "[31m[1mGET /socket.io/?EIO=4&transport=polling&t=PWK-Elr HTTP/1.1[0m" 400 -
2025-07-16 15:41:56,652 - INFO - http://10.1.1.11:3001 is not an accepted origin.
2025-07-16 15:41:56,656 - INFO - 10.1.1.28 - - [16/Jul/2025 15:41:56] "[31m[1mGET /socket.io/?EIO=4&transport=polling&t=PWK-E_W HTTP/1.1[0m" 400 -
2025-07-16 15:41:56,655 - INFO - http://10.1.1.11:3001 is not an accepted origin.
2025-07-16 15:41:56,658 - INFO - 10.1.1.28 - - [16/Jul/2025 15:41:56] "[31m[1mGET /socket.io/?EIO=4&transport=polling&t=PWK-E_Y HTTP/1.1[0m" 400 -
2025-07-16 15:41:58,051 - INFO - http://10.1.1.11:3001 is not an accepted origin.
2025-07-16 15:41:58,053 - INFO - 10.1.1.28 - - [16/Jul/2025 15:41:58] "[31m[1mGET /socket.io/?EIO=4&transport=polling&t=PWK-FL_ HTTP/1.1[0m" 400 -
2025-07-16 15:41:59,713 - INFO - http://10.1.1.11:3001 is not an accepted origin.
2025-07-16 15:41:59,714 - INFO - 10.1.1.28 - - [16/Jul/2025 15:41:59] "[31m[1mGET /socket.io/?EIO=4&transport=polling&t=PWK-Flw HTTP/1.1[0m" 400 -
2025-07-16 15:42:04,776 - INFO - http://10.1.1.11:3001 is not an accepted origin.
2025-07-16 15:42:04,778 - INFO - 10.1.1.28 - - [16/Jul/2025 15:42:04] "[31m[1mGET /socket.io/?EIO=4&transport=polling&t=PWK-G-w HTTP/1.1[0m" 400 -
2025-07-16 15:42:06,380 - INFO - Emitting new state
2025-07-16 15:42:06,381 - INFO - emitting event "state_update" to all [/]
2025-07-16 15:42:07,800 - INFO - Emitting new state
2025-07-16 15:42:07,808 - INFO - emitting event "state_update" to all [/]
2025-07-16 15:42:09,808 - INFO - http://10.1.1.11:3001 is not an accepted origin.
2025-07-16 15:42:09,810 - INFO - 10.1.1.28 - - [16/Jul/2025 15:42:09] "[31m[1mGET /socket.io/?EIO=4&transport=polling&t=PWK-IDi HTTP/1.1[0m" 400 -
2025-07-16 15:42:14,865 - INFO - http://10.1.1.11:3001 is not an accepted origin.
2025-07-16 15:42:14,866 - INFO - 10.1.1.28 - - [16/Jul/2025 15:42:14] "[31m[1mGET /socket.io/?EIO=4&transport=polling&t=PWK-JSd HTTP/1.1[0m" 400 -
2025-07-16 15:42:15,546 - INFO -  * Detected change in '/home/scrumpi/containers/therm-2/App.py', reloading
2025-07-16 15:42:20,878 - INFO - Server initialized for threading.
2025-07-16 15:42:20,902 - INFO - [31m[1mWARNING: This is a development server. Do not use it in a production deployment. Use a production WSGI server instead.[0m
 * Running on all addresses (0.0.0.0)
 * Running on http://127.0.0.1:5023
 * Running on http://10.1.1.11:5023
2025-07-16 15:42:20,903 - INFO - [33mPress CTRL+C to quit[0m
2025-07-16 15:42:20,903 - INFO -  * Restarting with stat
2025-07-16 15:42:21,229 - INFO - Emitting new state
2025-07-16 15:42:21,231 - INFO - emitting event "state_update" to all [/]
2025-07-16 15:42:22,604 - INFO - Server initialized for threading.
2025-07-16 15:42:22,630 - WARNING -  * Debugger is active!
2025-07-16 15:42:22,640 - INFO -  * Debugger PIN: 125-598-052
2025-07-16 15:42:22,830 - INFO - Emitting new state
2025-07-16 15:42:22,831 - INFO - emitting event "state_update" to all [/]
2025-07-16 15:42:23,227 - ERROR - http://10.1.1.11:3001 is not an accepted origin. (further occurrences of this error will be logged with level INFO)
2025-07-16 15:42:23,228 - INFO - 10.1.1.28 - - [16/Jul/2025 15:42:23] "[31m[1mGET /socket.io/?EIO=4&transport=polling&t=PWK-LVB HTTP/1.1[0m" 400 -
2025-07-16 15:42:23,231 - INFO - http://10.1.1.11:3001 is not an accepted origin.
2025-07-16 15:42:23,232 - INFO - 10.1.1.28 - - [16/Jul/2025 15:42:23] "[31m[1mGET /socket.io/?EIO=4&transport=polling&t=PWK-LVC HTTP/1.1[0m" 400 -
2025-07-16 15:42:24,326 - INFO - http://10.1.1.11:3001 is not an accepted origin.
2025-07-16 15:42:24,327 - INFO - 10.1.1.28 - - [16/Jul/2025 15:42:24] "[31m[1mGET /socket.io/?EIO=4&transport=polling&t=PWK-LmY HTTP/1.1[0m" 400 -
2025-07-16 15:42:25,983 - INFO - http://10.1.1.11:3001 is not an accepted origin.
2025-07-16 15:42:25,984 - INFO - 10.1.1.28 - - [16/Jul/2025 15:42:25] "[31m[1mGET /socket.io/?EIO=4&transport=polling&t=PWK-MAD HTTP/1.1[0m" 400 -
2025-07-16 15:42:25,986 - INFO - http://10.1.1.11:3001 is not an accepted origin.
2025-07-16 15:42:25,987 - INFO - 10.1.1.28 - - [16/Jul/2025 15:42:25] "[31m[1mGET /socket.io/?EIO=4&transport=polling&t=PWK-MAF HTTP/1.1[0m" 400 -
2025-07-16 15:42:27,489 - INFO - http://10.1.1.11:3001 is not an accepted origin.
2025-07-16 15:42:27,490 - INFO - 10.1.1.28 - - [16/Jul/2025 15:42:27] "[31m[1mGET /socket.io/?EIO=4&transport=polling&t=PWK-MXz HTTP/1.1[0m" 400 -
2025-07-16 15:42:29,756 - INFO -  * Detected change in '/home/scrumpi/containers/therm-2/App.py', reloading
2025-07-16 15:42:34,020 - INFO - Server initialized for threading.
2025-07-16 15:42:34,045 - INFO - [31m[1mWARNING: This is a development server. Do not use it in a production deployment. Use a production WSGI server instead.[0m
 * Running on all addresses (0.0.0.0)
 * Running on http://127.0.0.1:5023
 * Running on http://10.1.1.11:5023
2025-07-16 15:42:34,045 - INFO - [33mPress CTRL+C to quit[0m
2025-07-16 15:42:34,046 - INFO -  * Restarting with stat
2025-07-16 15:42:34,335 - INFO - Emitting new state
2025-07-16 15:42:34,337 - INFO - emitting event "state_update" to all [/]
2025-07-16 15:42:35,732 - INFO - Server initialized for threading.
2025-07-16 15:42:35,752 - WARNING -  * Debugger is active!
2025-07-16 15:42:35,759 - INFO -  * Debugger PIN: 125-598-052
2025-07-16 15:42:35,773 - ERROR - http://10.1.1.11:3001 is not an accepted origin. (further occurrences of this error will be logged with level INFO)
2025-07-16 15:42:35,774 - INFO - 10.1.1.28 - - [16/Jul/2025 15:42:35] "[31m[1mGET /socket.io/?EIO=4&transport=polling&t=PWK-OH5 HTTP/1.1[0m" 400 -
2025-07-16 15:42:35,777 - INFO - http://10.1.1.11:3001 is not an accepted origin.
2025-07-16 15:42:35,778 - INFO - 10.1.1.28 - - [16/Jul/2025 15:42:35] "[31m[1mGET /socket.io/?EIO=4&transport=polling&t=PWK-OH5.0 HTTP/1.1[0m" 400 -
2025-07-16 15:42:35,968 - INFO - Emitting new state
2025-07-16 15:42:35,969 - INFO - emitting event "state_update" to all [/]
2025-07-16 15:42:36,798 - INFO - http://10.1.1.11:3001 is not an accepted origin.
2025-07-16 15:42:36,800 - INFO - 10.1.1.28 - - [16/Jul/2025 15:42:36] "[31m[1mGET /socket.io/?EIO=4&transport=polling&t=PWK-OpQ HTTP/1.1[0m" 400 -
2025-07-16 15:43:41,419 - INFO - Server initialized for threading.
2025-07-16 15:43:41,442 - INFO - [31m[1mWARNING: This is a development server. Do not use it in a production deployment. Use a production WSGI server instead.[0m
 * Running on all addresses (0.0.0.0)
 * Running on http://127.0.0.1:5023
 * Running on http://10.1.1.11:5023
2025-07-16 15:43:41,442 - INFO - [33mPress CTRL+C to quit[0m
2025-07-16 15:43:41,442 - INFO -  * Restarting with stat
2025-07-16 15:43:41,922 - INFO - Emitting new state
2025-07-16 15:43:41,924 - INFO - emitting event "state_update" to all [/]
2025-07-16 15:43:43,167 - INFO - Server initialized for threading.
2025-07-16 15:43:43,190 - WARNING -  * Debugger is active!
2025-07-16 15:43:43,197 - INFO -  * Debugger PIN: 125-598-052
2025-07-16 15:43:43,211 - ERROR - http://10.1.1.11:3001 is not an accepted origin. (further occurrences of this error will be logged with level INFO)
2025-07-16 15:43:43,213 - INFO - 10.1.1.28 - - [16/Jul/2025 15:43:43] "[31m[1mGET /socket.io/?EIO=4&transport=polling&t=PWK-eu- HTTP/1.1[0m" 400 -
2025-07-16 15:43:43,215 - INFO - http://10.1.1.11:3001 is not an accepted origin.
2025-07-16 15:43:43,217 - INFO - 10.1.1.28 - - [16/Jul/2025 15:43:43] "[31m[1mGET /socket.io/?EIO=4&transport=polling&t=PWK-ev0 HTTP/1.1[0m" 400 -
2025-07-16 15:43:43,397 - INFO - Emitting new state
2025-07-16 15:43:43,398 - INFO - emitting event "state_update" to all [/]
2025-07-16 15:43:44,529 - INFO - http://10.1.1.11:3001 is not an accepted origin.
2025-07-16 15:43:44,531 - INFO - 10.1.1.28 - - [16/Jul/2025 15:43:44] "[31m[1mGET /socket.io/?EIO=4&transport=polling&t=PWK-fLj HTTP/1.1[0m" 400 -
2025-07-16 15:43:46,467 - INFO - http://10.1.1.11:3001 is not an accepted origin.
2025-07-16 15:43:46,468 - INFO - 10.1.1.28 - - [16/Jul/2025 15:43:46] "[31m[1mGET /socket.io/?EIO=4&transport=polling&t=PWK-fpt HTTP/1.1[0m" 400 -
2025-07-16 15:43:46,470 - INFO - http://10.1.1.11:3001 is not an accepted origin.
2025-07-16 15:43:46,471 - INFO - 10.1.1.28 - - [16/Jul/2025 15:43:46] "[31m[1mGET /socket.io/?EIO=4&transport=polling&t=PWK-fpu HTTP/1.1[0m" 400 -
2025-07-16 15:43:47,515 - INFO - http://10.1.1.11:3001 is not an accepted origin.
2025-07-16 15:43:47,516 - INFO - 10.1.1.28 - - [16/Jul/2025 15:43:47] "[31m[1mGET /socket.io/?EIO=4&transport=polling&t=PWK-g4I HTTP/1.1[0m" 400 -
2025-07-16 15:43:48,739 - INFO - http://10.1.1.11:3001 is not an accepted origin.
2025-07-16 15:43:48,740 - INFO - 10.1.1.28 - - [16/Jul/2025 15:43:48] "[31m[1mGET /socket.io/?EIO=4&transport=polling&t=PWK-gNR HTTP/1.1[0m" 400 -
2025-07-16 15:43:52,408 - INFO - http://10.1.1.11:3001 is not an accepted origin.
2025-07-16 15:43:52,409 - INFO - 10.1.1.28 - - [16/Jul/2025 15:43:52] "[31m[1mGET /socket.io/?EIO=4&transport=polling&t=PWK-hGo HTTP/1.1[0m" 400 -
2025-07-16 15:43:57,192 - INFO - http://10.1.1.11:3001 is not an accepted origin.
2025-07-16 15:43:57,193 - INFO - 10.1.1.28 - - [16/Jul/2025 15:43:57] "[31m[1mGET /socket.io/?EIO=4&transport=polling&t=PWK-iRY HTTP/1.1[0m" 400 -
2025-07-16 15:43:57,383 - INFO - Emitting new state
2025-07-16 15:43:57,383 - INFO - emitting event "state_update" to all [/]
2025-07-16 15:43:58,727 - INFO - Emitting new state
2025-07-16 15:43:58,727 - INFO - emitting event "state_update" to all [/]
2025-07-16 15:44:51,451 - INFO - Server initialized for threading.
2025-07-16 15:44:51,473 - INFO - [31m[1mWARNING: This is a development server. Do not use it in a production deployment. Use a production WSGI server instead.[0m
 * Running on all addresses (0.0.0.0)
 * Running on http://127.0.0.1:5023
 * Running on http://10.1.1.11:5023
2025-07-16 15:44:51,473 - INFO - [33mPress CTRL+C to quit[0m
2025-07-16 15:44:51,474 - INFO -  * Restarting with stat
2025-07-16 15:44:51,759 - INFO - Emitting new state
2025-07-16 15:44:51,761 - INFO - emitting event "state_update" to all [/]
2025-07-16 15:44:53,188 - INFO - Server initialized for threading.
2025-07-16 15:44:53,208 - WARNING -  * Debugger is active!
2025-07-16 15:44:53,215 - INFO -  * Debugger PIN: 125-598-052
2025-07-16 15:44:53,409 - INFO - Emitting new state
2025-07-16 15:44:53,411 - INFO - emitting event "state_update" to all [/]
2025-07-16 15:44:53,808 - ERROR - http://10.1.1.11:3001 is not an accepted origin. (further occurrences of this error will be logged with level INFO)
2025-07-16 15:44:53,809 - INFO - 10.1.1.28 - - [16/Jul/2025 15:44:53] "[31m[1mGET /socket.io/?EIO=4&transport=polling&t=PWK-wG6 HTTP/1.1[0m" 400 -
2025-07-16 15:44:53,812 - INFO - http://10.1.1.11:3001 is not an accepted origin.
2025-07-16 15:44:53,812 - INFO - 10.1.1.28 - - [16/Jul/2025 15:44:53] "[31m[1mGET /socket.io/?EIO=4&transport=polling&t=PWK-wG7 HTTP/1.1[0m" 400 -
2025-07-16 15:44:54,944 - INFO - http://10.1.1.11:3001 is not an accepted origin.
2025-07-16 15:44:54,944 - INFO - 10.1.1.28 - - [16/Jul/2025 15:44:54] "[31m[1mGET /socket.io/?EIO=4&transport=polling&t=PWK-wXv HTTP/1.1[0m" 400 -
2025-07-16 15:44:55,510 - INFO - http://10.1.1.11:3001 is not an accepted origin.
2025-07-16 15:44:55,513 - INFO - 10.1.1.28 - - [16/Jul/2025 15:44:55] "[31m[1mGET /socket.io/?EIO=4&transport=polling&t=PWK-wgh HTTP/1.1[0m" 400 -
2025-07-16 15:44:55,512 - INFO - http://10.1.1.11:3001 is not an accepted origin.
2025-07-16 15:44:55,514 - INFO - 10.1.1.28 - - [16/Jul/2025 15:44:55] "[31m[1mGET /socket.io/?EIO=4&transport=polling&t=PWK-wgj HTTP/1.1[0m" 400 -
2025-07-16 15:44:57,022 - INFO - http://10.1.1.11:3001 is not an accepted origin.
2025-07-16 15:44:57,024 - INFO - 10.1.1.28 - - [16/Jul/2025 15:44:57] "[31m[1mGET /socket.io/?EIO=4&transport=polling&t=PWK-x2M HTTP/1.1[0m" 400 -
2025-07-16 15:44:58,715 - INFO - http://10.1.1.11:3001 is not an accepted origin.
2025-07-16 15:44:58,716 - INFO - 10.1.1.28 - - [16/Jul/2025 15:44:58] "[31m[1mGET /socket.io/?EIO=4&transport=polling&t=PWK-xSo HTTP/1.1[0m" 400 -
2025-07-16 15:45:00,759 - INFO - 172.21.0.3 - - [16/Jul/2025 15:45:00] "[36mGET / HTTP/1.1[0m" 304 -
2025-07-16 15:45:00,843 - INFO - 172.21.0.3 - - [16/Jul/2025 15:45:00] "[36mGET /static/js/main.05021866.js HTTP/1.1[0m" 304 -
2025-07-16 15:45:00,845 - INFO - 172.21.0.3 - - [16/Jul/2025 15:45:00] "[36mGET /static/css/main.1169f362.css HTTP/1.1[0m" 304 -
2025-07-16 15:45:00,893 - INFO - http://therm.cfd is not an accepted origin.
2025-07-16 15:45:00,894 - INFO - 10.1.1.28 - - [16/Jul/2025 15:45:00] "[31m[1mGET /socket.io/?EIO=4&transport=polling&t=PWK-x-r HTTP/1.1[0m" 400 -
2025-07-16 15:45:01,987 - INFO - http://therm.cfd is not an accepted origin.
2025-07-16 15:45:01,989 - INFO - 10.1.1.28 - - [16/Jul/2025 15:45:01] "[31m[1mGET /socket.io/?EIO=4&transport=polling&t=PWK-yFy HTTP/1.1[0m" 400 -
2025-07-16 15:45:03,931 - INFO - http://therm.cfd is not an accepted origin.
2025-07-16 15:45:03,932 - INFO - 10.1.1.28 - - [16/Jul/2025 15:45:03] "[31m[1mGET /socket.io/?EIO=4&transport=polling&t=PWK-ykI HTTP/1.1[0m" 400 -
2025-07-16 15:45:04,218 - INFO - http://10.1.1.11:3001 is not an accepted origin.
2025-07-16 15:45:04,220 - INFO - 10.1.1.28 - - [16/Jul/2025 15:45:04] "[31m[1mGET /socket.io/?EIO=4&transport=polling&t=PWK-yop HTTP/1.1[0m" 400 -
2025-07-16 15:45:04,222 - INFO - http://10.1.1.11:3001 is not an accepted origin.
2025-07-16 15:45:04,223 - INFO - 10.1.1.28 - - [16/Jul/2025 15:45:04] "[31m[1mGET /socket.io/?EIO=4&transport=polling&t=PWK-yoq HTTP/1.1[0m" 400 -
2025-07-16 15:45:06,165 - INFO - http://10.1.1.11:3001 is not an accepted origin.
2025-07-16 15:45:06,167 - INFO - 10.1.1.28 - - [16/Jul/2025 15:45:06] "[31m[1mGET /socket.io/?EIO=4&transport=polling&t=PWK-zHF HTTP/1.1[0m" 400 -
2025-07-16 15:45:07,323 - INFO - Emitting new state
2025-07-16 15:45:07,324 - INFO - emitting event "state_update" to all [/]
2025-07-16 15:45:08,721 - INFO - http://10.1.1.11:3001 is not an accepted origin.
2025-07-16 15:45:08,722 - INFO - 10.1.1.28 - - [16/Jul/2025 15:45:08] "[31m[1mGET /socket.io/?EIO=4&transport=polling&t=PWK-zvC HTTP/1.1[0m" 400 -
2025-07-16 15:45:08,745 - INFO - Emitting new state
2025-07-16 15:45:08,746 - INFO - emitting event "state_update" to all [/]
2025-07-16 15:45:13,941 - INFO - http://10.1.1.11:3001 is not an accepted origin.
2025-07-16 15:45:13,943 - INFO - 10.1.1.28 - - [16/Jul/2025 15:45:13] "[31m[1mGET /socket.io/?EIO=4&transport=polling&t=PWK-_Ai HTTP/1.1[0m" 400 -
2025-07-16 15:45:19,979 - INFO - http://10.1.1.11:3001 is not an accepted origin.
2025-07-16 15:45:19,980 - INFO - 10.1.1.28 - - [16/Jul/2025 15:45:19] "[31m[1mGET /socket.io/?EIO=4&transport=polling&t=PWK_0f3 HTTP/1.1[0m" 400 -
2025-07-16 15:45:22,886 - INFO - Emitting new state
2025-07-16 15:45:22,887 - INFO - emitting event "state_update" to all [/]
2025-07-16 15:45:24,072 - INFO - Emitting new state
2025-07-16 15:45:24,073 - INFO - emitting event "state_update" to all [/]
2025-07-16 15:45:26,019 - INFO - http://10.1.1.11:3001 is not an accepted origin.
2025-07-16 15:45:26,020 - INFO - 10.1.1.28 - - [16/Jul/2025 15:45:26] "[31m[1mGET /socket.io/?EIO=4&transport=polling&t=PWK_27N HTTP/1.1[0m" 400 -
2025-07-16 15:45:36,955 - INFO - http://10.1.1.11:3001 is not an accepted origin.
2025-07-16 15:45:36,957 - INFO - 10.1.1.28 - - [16/Jul/2025 15:45:36] "[31m[1mGET /socket.io/?EIO=4&transport=polling&t=PWK_4oI HTTP/1.1[0m" 400 -
2025-07-16 15:45:36,958 - INFO - http://10.1.1.11:3001 is not an accepted origin.
2025-07-16 15:45:36,960 - INFO - 10.1.1.28 - - [16/Jul/2025 15:45:36] "[31m[1mGET /socket.io/?EIO=4&transport=polling&t=PWK_4oK HTTP/1.1[0m" 400 -
2025-07-16 15:45:38,351 - INFO - Emitting new state
2025-07-16 15:45:38,352 - INFO - emitting event "state_update" to all [/]
2025-07-16 15:45:38,391 - INFO - http://10.1.1.11:3001 is not an accepted origin.
2025-07-16 15:45:38,392 - INFO - 10.1.1.28 - - [16/Jul/2025 15:45:38] "[31m[1mGET /socket.io/?EIO=4&transport=polling&t=PWK_58m HTTP/1.1[0m" 400 -
2025-07-16 15:45:39,404 - INFO - Emitting new state
2025-07-16 15:45:39,404 - INFO - emitting event "state_update" to all [/]
2025-07-16 15:45:40,568 - INFO - http://10.1.1.11:3001 is not an accepted origin.
2025-07-16 15:45:40,569 - INFO - 10.1.1.28 - - [16/Jul/2025 15:45:40] "[31m[1mGET /socket.io/?EIO=4&transport=polling&t=PWK_5go HTTP/1.1[0m" 400 -
2025-07-16 15:45:43,396 - INFO - http://10.1.1.11:3001 is not an accepted origin.
2025-07-16 15:45:43,397 - INFO - 10.1.1.28 - - [16/Jul/2025 15:45:43] "[31m[1mGET /socket.io/?EIO=4&transport=polling&t=PWK_6Mx HTTP/1.1[0m" 400 -
2025-07-16 15:45:45,813 - INFO -  * Detected change in '/home/scrumpi/containers/therm-2/App.py', reloading
2025-07-16 15:45:53,812 - INFO - Emitting new state
2025-07-16 15:45:53,813 - INFO - emitting event "state_update" to all [/]
2025-07-16 15:46:09,378 - INFO - Emitting new state
2025-07-16 15:46:09,379 - INFO - emitting event "state_update" to all [/]
2025-07-16 15:46:24,840 - INFO - Emitting new state
2025-07-16 15:46:24,841 - INFO - emitting event "state_update" to all [/]
2025-07-16 15:46:42,400 - INFO -  * Restarting with stat
2025-07-16 15:46:42,862 - INFO - Emitting new state
2025-07-16 15:46:44,534 - WARNING -  * Debugger is active!
2025-07-16 15:46:44,542 - INFO -  * Debugger PIN: 126-635-709
2025-07-16 15:46:44,740 - INFO - Emitting new state
2025-07-16 15:46:58,324 - INFO - Emitting new state
2025-07-16 15:47:00,075 - INFO - Emitting new state
2025-07-16 15:47:13,787 - INFO - Emitting new state
2025-07-16 15:47:15,413 - INFO - Emitting new state
2025-07-16 20:29:15,777 - INFO -  * Restarting with stat
2025-07-16 20:29:16,081 - INFO - Emitting new state
2025-07-16 20:29:17,863 - WARNING -  * Debugger is active!
2025-07-16 20:29:17,871 - INFO -  * Debugger PIN: 127-935-302
2025-07-16 20:29:18,064 - INFO - Emitting new state
2025-07-16 20:29:31,649 - INFO - Emitting new state
2025-07-16 20:29:33,399 - INFO - Emitting new state
2025-07-16 20:31:13,840 - INFO -  * Restarting with stat
2025-07-16 20:31:14,149 - INFO - Emitting new state
2025-07-16 20:31:16,022 - WARNING -  * Debugger is active!
2025-07-16 20:31:16,031 - INFO -  * Debugger PIN: 127-935-302
2025-07-16 20:31:16,506 - INFO - Emitting new state
2025-07-16 20:31:29,617 - INFO - Emitting new state
2025-07-16 20:31:31,967 - INFO - Emitting new state
2025-07-16 20:31:45,176 - INFO - Emitting new state
2025-07-16 20:31:47,430 - INFO - Emitting new state
2025-07-16 20:32:00,744 - INFO - Emitting new state
2025-07-16 20:32:02,875 - INFO - Emitting new state
2025-07-16 20:32:16,205 - INFO - Emitting new state
2025-07-16 20:32:18,202 - INFO - Emitting new state
2025-07-16 20:32:31,692 - INFO - Emitting new state
2025-07-16 20:32:33,539 - INFO - Emitting new state
2025-07-16 20:32:47,129 - INFO - Emitting new state
2025-07-16 20:32:48,868 - INFO - Emitting new state
2025-07-16 20:33:02,591 - INFO - Emitting new state
2025-07-16 20:33:04,210 - INFO - Emitting new state
2025-07-16 20:33:18,157 - INFO - Emitting new state
2025-07-16 20:33:19,556 - INFO - Emitting new state
2025-07-16 20:33:33,726 - INFO - Emitting new state
2025-07-16 20:33:34,898 - INFO - Emitting new state
2025-07-16 20:33:49,182 - INFO - Emitting new state
2025-07-16 20:33:50,233 - INFO - Emitting new state
2025-07-16 20:34:04,579 - INFO - Emitting new state
2025-07-16 20:34:05,615 - INFO - Emitting new state
2025-07-16 20:34:20,241 - INFO - Emitting new state
2025-07-16 20:34:20,991 - INFO - Emitting new state
2025-07-16 20:34:24,572 - INFO -  * Detected change in '/home/scrumpi/containers/therm-2/App.py', reloading
2025-07-16 20:34:38,691 - INFO -  * Restarting with stat
2025-07-16 20:34:39,053 - INFO - Emitting new state
2025-07-16 20:34:41,413 - WARNING -  * Debugger is active!
2025-07-16 20:34:41,423 - INFO -  * Debugger PIN: 127-935-302
2025-07-16 20:34:41,826 - INFO - Emitting new state
2025-07-16 20:34:54,515 - INFO - Emitting new state
2025-07-16 20:34:57,304 - INFO - Emitting new state
2025-07-16 20:35:09,767 - INFO -  * Detected change in '/home/scrumpi/containers/therm-2/App.py', reloading
2025-07-16 20:35:09,978 - INFO - Emitting new state
2025-07-16 20:35:17,154 - INFO -  * Restarting with stat
2025-07-16 20:35:17,554 - INFO - Emitting new state
2025-07-16 20:35:19,340 - WARNING -  * Debugger is active!
2025-07-16 20:35:19,348 - INFO -  * Debugger PIN: 127-935-302
2025-07-16 20:35:19,705 - INFO - Emitting new state
2025-07-16 20:35:33,120 - INFO - Emitting new state
2025-07-16 20:35:35,132 - INFO - Emitting new state
2025-07-16 20:35:48,685 - INFO - Emitting new state
2025-07-16 20:35:50,460 - INFO - Emitting new state
2025-07-16 20:36:04,015 - INFO - Emitting new state
2025-07-16 20:36:05,801 - INFO - Emitting new state
2025-07-16 20:36:19,515 - INFO - Emitting new state
2025-07-16 20:36:21,135 - INFO - Emitting new state
2025-07-16 20:36:35,078 - INFO - Emitting new state
2025-07-16 20:36:36,465 - INFO - Emitting new state
2025-07-16 20:36:50,547 - INFO - Emitting new state
2025-07-16 20:36:51,812 - INFO - Emitting new state
2025-07-16 20:37:06,012 - INFO - Emitting new state
2025-07-16 20:37:07,148 - INFO - Emitting new state
2025-07-16 20:37:21,577 - INFO - Emitting new state
2025-07-16 20:37:22,481 - INFO - Emitting new state
2025-07-16 20:37:37,041 - INFO - Emitting new state
2025-07-16 20:37:37,827 - INFO - Emitting new state
2025-07-16 20:37:52,625 - INFO - Emitting new state
2025-07-16 20:37:53,170 - INFO - Emitting new state
2025-07-16 20:38:08,073 - INFO - Emitting new state
2025-07-16 20:38:08,500 - INFO - Emitting new state
2025-07-16 20:38:23,526 - INFO - Emitting new state
2025-07-16 20:38:23,826 - INFO - Emitting new state
2025-07-16 20:38:38,989 - INFO - Emitting new state
2025-07-16 20:38:39,152 - INFO - Emitting new state
2025-07-16 20:38:46,039 - INFO -  * Detected change in '/home/scrumpi/containers/therm-2/App.py', reloading
2025-07-16 20:38:51,742 - INFO -  * Restarting with stat
2025-07-16 20:38:52,097 - INFO - Emitting new state
2025-07-16 20:38:53,850 - WARNING -  * Debugger is active!
2025-07-16 20:38:53,858 - INFO -  * Debugger PIN: 127-935-302
2025-07-16 20:38:54,070 - INFO - Emitting new state
2025-07-16 20:39:07,663 - INFO - Emitting new state
2025-07-16 20:39:09,404 - INFO - Emitting new state
2025-07-16 20:39:23,126 - INFO - Emitting new state
2025-07-16 20:39:24,741 - INFO - Emitting new state
2025-07-16 20:39:38,593 - INFO - Emitting new state
2025-07-16 20:39:40,071 - INFO - Emitting new state
2025-07-16 20:39:54,050 - INFO - Emitting new state
2025-07-16 20:39:55,406 - INFO - Emitting new state
2025-07-16 20:40:05,803 - INFO -  * Detected change in '/home/scrumpi/containers/therm-2/App.py', reloading
2025-07-16 20:40:09,512 - INFO - Emitting new state
2025-07-16 20:40:25,078 - INFO - Emitting new state
2025-07-16 20:40:40,642 - INFO - Emitting new state
2025-07-16 20:40:56,105 - INFO - Emitting new state
2025-07-16 20:41:11,572 - INFO - Emitting new state
2025-07-16 20:41:27,028 - INFO - Emitting new state
2025-07-16 20:41:42,490 - INFO - Emitting new state
2025-07-16 20:41:52,892 - INFO -  * Restarting with stat
2025-07-16 20:41:53,244 - INFO - Emitting new state
2025-07-16 20:41:55,018 - WARNING -  * Debugger is active!
2025-07-16 20:41:55,033 - INFO -  * Debugger PIN: 127-935-302
2025-07-16 20:41:55,231 - INFO - Emitting new state
2025-07-16 20:42:08,709 - INFO - Emitting new state
2025-07-16 20:42:10,559 - INFO - Emitting new state
2025-07-16 20:42:24,272 - INFO - Emitting new state
2025-07-16 20:42:25,892 - INFO - Emitting new state
2025-07-16 20:42:39,734 - INFO - Emitting new state
2025-07-16 20:42:41,220 - INFO - Emitting new state
2025-07-16 20:42:55,196 - INFO - Emitting new state
2025-07-16 20:42:56,562 - INFO - Emitting new state
2025-07-16 20:43:10,659 - INFO - Emitting new state
2025-07-16 20:43:11,900 - INFO - Emitting new state
2025-07-16 20:43:26,121 - INFO - Emitting new state
2025-07-16 20:43:27,229 - INFO - Emitting new state
2025-07-16 20:43:41,583 - INFO - Emitting new state
2025-07-16 20:43:42,555 - INFO - Emitting new state
2025-07-16 20:43:57,043 - INFO - Emitting new state
2025-07-16 20:43:57,891 - INFO - Emitting new state
2025-07-16 20:44:12,506 - INFO - Emitting new state
2025-07-16 20:44:13,221 - INFO - Emitting new state
2025-07-16 20:44:18,982 - INFO -  * Detected change in '/home/scrumpi/containers/therm-2/App.py', reloading
2025-07-16 20:44:27,970 - INFO - Emitting new state
2025-07-16 20:44:35,343 - INFO -  * Restarting with stat
2025-07-16 20:44:35,648 - INFO - Emitting new state
2025-07-16 20:44:37,490 - WARNING -  * Debugger is active!
2025-07-16 20:44:37,498 - INFO -  * Debugger PIN: 127-935-302
2025-07-16 20:44:37,724 - INFO - Emitting new state
2025-07-16 20:44:51,215 - INFO - Emitting new state
2025-07-16 20:44:53,051 - INFO - Emitting new state
2025-07-16 20:45:06,676 - INFO - Emitting new state
2025-07-16 20:45:08,396 - INFO - Emitting new state
2025-07-16 20:45:22,138 - INFO - Emitting new state
2025-07-16 20:45:23,726 - INFO - Emitting new state
2025-07-16 20:45:37,705 - INFO - Emitting new state
2025-07-16 20:45:39,052 - INFO - Emitting new state
2025-07-16 20:45:53,169 - INFO - Emitting new state
2025-07-16 20:45:54,387 - INFO - Emitting new state
2025-07-16 20:46:08,630 - INFO - Emitting new state
2025-07-16 20:46:09,723 - INFO - Emitting new state
2025-07-16 20:46:24,090 - INFO - Emitting new state
2025-07-16 20:46:25,053 - INFO - Emitting new state
2025-07-16 20:46:28,923 - INFO -  * Detected change in '/home/scrumpi/containers/therm-2/App.py', reloading
2025-07-16 20:46:35,537 - INFO -  * Restarting with stat
2025-07-16 20:46:35,866 - INFO - Emitting new state
2025-07-16 20:46:37,663 - WARNING -  * Debugger is active!
2025-07-16 20:46:37,671 - INFO -  * Debugger PIN: 127-935-302
2025-07-16 20:46:37,792 - ERROR - message handler error
Traceback (most recent call last):
  File "/home/scrumpi/.pyenv/versions/3.11.9/lib/python3.11/site-packages/flask_socketio/__init__.py", line 831, in _handle_event
    ret = handler(auth)
          ^^^^^^^^^^^^^
TypeError: handle_connect() takes 0 positional arguments but 1 was given

During handling of the above exception, another exception occurred:

Traceback (most recent call last):
  File "/home/scrumpi/.pyenv/versions/3.11.9/lib/python3.11/site-packages/engineio/server.py", line 450, in run_handler
    return self.handlers[event](*args)
           ^^^^^^^^^^^^^^^^^^^^^^^^^^^
  File "/home/scrumpi/.pyenv/versions/3.11.9/lib/python3.11/site-packages/socketio/server.py", line 652, in _handle_eio_message
    self._handle_connect(eio_sid, pkt.namespace, pkt.data)
  File "/home/scrumpi/.pyenv/versions/3.11.9/lib/python3.11/site-packages/socketio/server.py", line 538, in _handle_connect
    success = self._trigger_event(
              ^^^^^^^^^^^^^^^^^^^^
  File "/home/scrumpi/.pyenv/versions/3.11.9/lib/python3.11/site-packages/socketio/server.py", line 617, in _trigger_event
    return handler(*args)
           ^^^^^^^^^^^^^^
  File "/home/scrumpi/.pyenv/versions/3.11.9/lib/python3.11/site-packages/flask_socketio/__init__.py", line 292, in _handler
    return self._handle_event(handler, message, real_ns, sid,
           ^^^^^^^^^^^^^^^^^^^^^^^^^^^^^^^^^^^^^^^^^^^^^^^^^^
  File "/home/scrumpi/.pyenv/versions/3.11.9/lib/python3.11/site-packages/flask_socketio/__init__.py", line 833, in _handle_event
    ret = handler()
          ^^^^^^^^^
  File "/home/scrumpi/containers/therm-2/App.py", line 121, in handle_connect
    socketio.start_background_task(emit_state_update, serialize_state(state_manager.get_all_states()))
                                   ^^^^^^^^^^^^^^^^^
NameError: name 'emit_state_update' is not defined
2025-07-16 20:46:37,866 - INFO - Emitting new state
2025-07-16 20:46:47,820 - INFO -  * Detected change in '/home/scrumpi/containers/therm-2/App.py', reloading
2025-07-16 20:46:48,392 - INFO -  * Restarting with stat
2025-07-16 20:46:51,994 - INFO -  * Restarting with stat
2025-07-16 20:46:52,363 - INFO - Emitting new state
2025-07-16 20:46:54,116 - WARNING -  * Debugger is active!
2025-07-16 20:46:54,124 - INFO -  * Debugger PIN: 127-935-302
2025-07-16 20:46:54,322 - INFO - Emitting new state
2025-07-16 20:47:12,488 - INFO -  * Restarting with stat
2025-07-16 20:47:12,834 - INFO - Emitting new state
2025-07-16 20:47:14,623 - WARNING -  * Debugger is active!
2025-07-16 20:47:14,631 - INFO -  * Debugger PIN: 127-935-302
2025-07-16 20:47:14,837 - INFO - Emitting new state
2025-07-16 20:47:28,295 - INFO - Emitting new state
2025-07-16 20:47:30,180 - INFO - Emitting new state
2025-07-16 20:47:43,760 - INFO - Emitting new state
2025-07-16 20:47:45,506 - INFO - Emitting new state
2025-07-16 20:47:59,219 - INFO - Emitting new state
2025-07-16 20:48:00,854 - INFO - Emitting new state
2025-07-16 20:48:14,682 - INFO - Emitting new state
2025-07-16 20:48:16,192 - INFO - Emitting new state
2025-07-16 20:48:30,146 - INFO - Emitting new state
2025-07-16 20:48:31,520 - INFO - Emitting new state
2025-07-16 20:48:45,710 - INFO - Emitting new state
2025-07-16 20:48:46,848 - INFO -  * Detected change in '/home/scrumpi/containers/therm-2/App.py', reloading
2025-07-16 20:48:46,891 - INFO - Emitting new state
2025-07-16 20:48:53,925 - INFO -  * Restarting with stat
2025-07-16 20:48:56,017 - WARNING -  * Debugger is active!
2025-07-16 20:48:56,025 - INFO -  * Debugger PIN: 127-935-302
2025-07-16 20:50:22,026 - INFO -  * Restarting with stat
2025-07-16 20:50:24,155 - WARNING -  * Debugger is active!
2025-07-16 20:50:24,164 - INFO -  * Debugger PIN: 127-935-302
2025-07-16 20:50:46,456 - INFO -  * Detected change in '/home/scrumpi/containers/therm-2/App.py', reloading
2025-07-16 20:50:47,062 - INFO -  * Restarting with stat
2025-07-16 20:50:49,216 - WARNING -  * Debugger is active!
2025-07-16 20:50:49,224 - INFO -  * Debugger PIN: 127-935-302
2025-07-16 20:50:54,864 - INFO -  * Restarting with stat
2025-07-16 20:50:56,907 - WARNING -  * Debugger is active!
2025-07-16 20:50:56,915 - INFO -  * Debugger PIN: 127-935-302
2025-07-16 20:52:25,186 - INFO -  * Detected change in '/home/scrumpi/containers/therm-2/App.py', reloading
2025-07-16 20:52:25,698 - INFO -  * Restarting with stat
2025-07-16 20:52:27,866 - WARNING -  * Debugger is active!
2025-07-16 20:52:27,875 - INFO -  * Debugger PIN: 127-935-302
2025-07-16 20:52:31,497 - INFO -  * Restarting with stat
2025-07-16 20:52:33,578 - WARNING -  * Debugger is active!
2025-07-16 20:52:33,586 - INFO -  * Debugger PIN: 127-935-302
2025-07-16 20:52:47,797 - INFO -  * Detected change in '/home/scrumpi/containers/therm-2/App.py', reloading
2025-07-16 20:52:48,482 - INFO -  * Restarting with stat
2025-07-16 20:52:52,894 - INFO -  * Restarting with stat
2025-07-16 20:52:55,066 - WARNING -  * Debugger is active!
2025-07-16 20:52:55,074 - INFO -  * Debugger PIN: 127-935-302
2025-07-16 20:53:14,349 - INFO -  * Detected change in '/home/scrumpi/containers/therm-2/App.py', reloading
2025-07-16 20:53:18,272 - INFO -  * Restarting with stat
2025-07-16 20:53:20,343 - WARNING -  * Debugger is active!
2025-07-16 20:53:20,351 - INFO -  * Debugger PIN: 127-935-302
2025-07-16 20:53:44,699 - INFO -  * Detected change in '/home/scrumpi/containers/therm-2/App.py', reloading
2025-07-16 20:53:45,306 - INFO -  * Restarting with stat
2025-07-16 20:53:47,416 - WARNING -  * Debugger is active!
2025-07-16 20:53:47,424 - INFO -  * Debugger PIN: 127-935-302
2025-07-16 20:53:52,061 - INFO -  * Restarting with stat
2025-07-16 20:53:54,184 - WARNING -  * Debugger is active!
2025-07-16 20:53:54,192 - INFO -  * Debugger PIN: 127-935-302
2025-07-16 20:54:10,098 - INFO -  * Restarting with stat
2025-07-16 20:54:12,165 - WARNING -  * Debugger is active!
2025-07-16 20:54:12,173 - INFO -  * Debugger PIN: 127-935-302
2025-07-16 20:55:11,175 - INFO -  * Restarting with stat
2025-07-16 20:55:13,306 - WARNING -  * Debugger is active!
2025-07-16 20:55:13,316 - INFO -  * Debugger PIN: 127-935-302
2025-07-16 20:59:30,437 - INFO -  * Restarting with stat
2025-07-16 21:04:46,459 - INFO -  * Restarting with stat
2025-07-16 21:04:46,944 - INFO - Emitting new state
2025-07-16 21:25:06,490 - INFO - Emitting new state
2025-07-16 21:25:06,503 - INFO -  * Restarting with stat
2025-07-16 22:07:45,142 - ERROR - ❌ Application error: No module named 'uvicorn'
2025-07-16 22:08:35,698 - ERROR - ❌ Application error: No module named 'uvicorn'
2025-07-16 22:09:20,966 - ERROR - ❌ Application error: asyncio.run() cannot be called from a running event loop
2025-07-16 22:14:09,517 - INFO - emitting event "state_update" to all [/]
2025-07-16 22:14:09,518 - INFO - State update emitted via WebSocket
2025-07-16 22:14:09,518 - INFO - emitting event "state_update" to all [/]
2025-07-16 22:14:09,519 - INFO - State update emitted via WebSocket
2025-07-16 22:14:09,519 - INFO - emitting event "state_update" to all [/]
2025-07-16 22:14:09,520 - INFO - State update emitted via WebSocket
2025-07-16 22:14:09,520 - INFO - emitting event "state_update" to all [/]
2025-07-16 22:14:09,520 - INFO - State update emitted via WebSocket
2025-07-16 22:14:09,521 - INFO - emitting event "state_update" to all [/]
2025-07-16 22:14:09,522 - INFO - State update emitted via WebSocket
2025-07-16 22:14:09,522 - INFO - emitting event "state_update" to all [/]
2025-07-16 22:14:09,523 - INFO - State update emitted via WebSocket
2025-07-16 22:14:09,523 - INFO - emitting event "state_update" to all [/]
2025-07-16 22:14:09,524 - INFO - State update emitted via WebSocket
2025-07-16 22:14:09,525 - INFO - emitting event "state_update" to all [/]
2025-07-16 22:14:09,525 - INFO - State update emitted via WebSocket
2025-07-16 22:14:09,526 - INFO - emitting event "state_update" to all [/]
2025-07-16 22:14:09,526 - INFO - State update emitted via WebSocket
2025-07-16 22:14:09,570 - INFO - emitting event "state_update" to all [/]
2025-07-16 22:14:09,571 - INFO - State update emitted via WebSocket
2025-07-16 22:14:09,613 - INFO - emitting event "state_update" to all [/]
2025-07-16 22:14:09,614 - INFO - State update emitted via WebSocket
2025-07-16 22:14:09,637 - INFO - emitting event "state_update" to all [/]
2025-07-16 22:14:09,638 - INFO - State update emitted via WebSocket
2025-07-16 22:14:09,729 - INFO - emitting event "state_update" to all [/]
2025-07-16 22:14:09,730 - INFO - State update emitted via WebSocket
2025-07-16 22:14:39,794 - INFO - emitting event "state_update" to all [/]
2025-07-16 22:14:39,795 - INFO - State update emitted via WebSocket
2025-07-16 22:14:39,889 - INFO - emitting event "state_update" to all [/]
2025-07-16 22:14:39,890 - INFO - State update emitted via WebSocket
2025-07-16 22:14:39,913 - INFO - emitting event "state_update" to all [/]
2025-07-16 22:14:39,914 - INFO - State update emitted via WebSocket
2025-07-16 22:14:40,001 - INFO - emitting event "state_update" to all [/]
2025-07-16 22:14:40,003 - INFO - State update emitted via WebSocket
2025-07-16 22:14:46,245 - INFO - emitting event "state_update" to u8S8mdTVI-0ZfZt-AAAC [/]
2025-07-16 22:15:10,105 - INFO - emitting event "state_update" to all [/]
2025-07-16 22:15:10,110 - INFO - State update emitted via WebSocket
2025-07-16 22:15:10,204 - INFO - emitting event "state_update" to all [/]
2025-07-16 22:15:10,207 - INFO - State update emitted via WebSocket
2025-07-16 22:15:10,230 - INFO - emitting event "state_update" to all [/]
2025-07-16 22:15:10,233 - INFO - State update emitted via WebSocket
2025-07-16 22:15:10,368 - INFO - emitting event "state_update" to all [/]
2025-07-16 22:15:10,371 - INFO - State update emitted via WebSocket
2025-07-16 22:15:40,516 - INFO - emitting event "state_update" to all [/]
2025-07-16 22:15:40,520 - INFO - State update emitted via WebSocket
2025-07-16 22:15:40,620 - INFO - emitting event "state_update" to all [/]
2025-07-16 22:15:40,625 - INFO - State update emitted via WebSocket
2025-07-16 22:15:40,647 - INFO - emitting event "state_update" to all [/]
2025-07-16 22:15:40,650 - INFO - State update emitted via WebSocket
2025-07-16 22:15:40,736 - INFO - emitting event "state_update" to all [/]
2025-07-16 22:15:40,737 - INFO - State update emitted via WebSocket
2025-07-16 22:16:10,826 - INFO - emitting event "state_update" to all [/]
2025-07-16 22:16:10,828 - INFO - State update emitted via WebSocket
2025-07-16 22:16:10,924 - INFO - emitting event "state_update" to all [/]
2025-07-16 22:16:10,926 - INFO - State update emitted via WebSocket
2025-07-16 22:16:10,946 - INFO - emitting event "state_update" to all [/]
2025-07-16 22:16:10,948 - INFO - State update emitted via WebSocket
2025-07-16 22:16:11,071 - INFO - emitting event "state_update" to all [/]
2025-07-16 22:16:11,072 - INFO - State update emitted via WebSocket
2025-07-16 22:16:41,138 - INFO - emitting event "state_update" to all [/]
2025-07-16 22:16:41,140 - INFO - State update emitted via WebSocket
2025-07-16 22:16:41,181 - INFO - emitting event "state_update" to all [/]
2025-07-16 22:16:41,182 - INFO - State update emitted via WebSocket
2025-07-16 22:16:41,203 - INFO - emitting event "state_update" to all [/]
2025-07-16 22:16:41,206 - INFO - State update emitted via WebSocket
2025-07-16 22:16:41,290 - INFO - emitting event "state_update" to all [/]
2025-07-16 22:16:41,291 - INFO - State update emitted via WebSocket
2025-07-16 22:17:11,466 - INFO - emitting event "state_update" to all [/]
2025-07-16 22:17:11,467 - INFO - State update emitted via WebSocket
2025-07-16 22:17:11,546 - INFO - emitting event "state_update" to all [/]
2025-07-16 22:17:11,548 - INFO - State update emitted via WebSocket
2025-07-16 22:17:11,570 - INFO - emitting event "state_update" to all [/]
2025-07-16 22:17:11,572 - INFO - State update emitted via WebSocket
2025-07-16 22:17:11,812 - INFO - emitting event "state_update" to all [/]
2025-07-16 22:17:11,814 - INFO - State update emitted via WebSocket
2025-07-16 22:17:41,963 - INFO - emitting event "state_update" to all [/]
2025-07-16 22:17:41,966 - INFO - State update emitted via WebSocket
2025-07-16 22:17:42,011 - INFO - emitting event "state_update" to all [/]
2025-07-16 22:17:42,013 - INFO - State update emitted via WebSocket
2025-07-16 22:17:42,036 - INFO - emitting event "state_update" to all [/]
2025-07-16 22:17:42,039 - INFO - State update emitted via WebSocket
2025-07-16 22:17:42,123 - INFO - emitting event "state_update" to all [/]
2025-07-16 22:17:42,124 - INFO - State update emitted via WebSocket
2025-07-16 22:18:12,268 - INFO - emitting event "state_update" to all [/]
2025-07-16 22:18:12,270 - INFO - State update emitted via WebSocket
2025-07-16 22:18:12,370 - INFO - emitting event "state_update" to all [/]
2025-07-16 22:18:12,373 - INFO - State update emitted via WebSocket
2025-07-16 22:18:12,392 - INFO - emitting event "state_update" to all [/]
2025-07-16 22:18:12,394 - INFO - State update emitted via WebSocket
2025-07-16 22:18:12,514 - INFO - emitting event "state_update" to all [/]
2025-07-16 22:18:12,516 - INFO - State update emitted via WebSocket
2025-07-16 22:18:18,078 - INFO - emitting event "state_update" to zoPYVSxpfUvEgJgoAAAF [/]
2025-07-16 22:18:21,637 - INFO - emitting event "state_update" to hlB7_A01ktWVjocOAAAI [/]
2025-07-16 22:18:42,585 - INFO - emitting event "state_update" to all [/]
2025-07-16 22:18:42,586 - INFO - State update emitted via WebSocket
2025-07-16 22:18:42,627 - INFO - emitting event "state_update" to all [/]
2025-07-16 22:18:42,629 - INFO - State update emitted via WebSocket
2025-07-16 22:18:42,649 - INFO - emitting event "state_update" to all [/]
2025-07-16 22:18:42,651 - INFO - State update emitted via WebSocket
2025-07-16 22:18:42,734 - INFO - emitting event "state_update" to all [/]
2025-07-16 22:18:42,735 - INFO - State update emitted via WebSocket
2025-07-16 22:19:12,899 - INFO - emitting event "state_update" to all [/]
2025-07-16 22:19:12,906 - INFO - State update emitted via WebSocket
2025-07-16 22:19:13,002 - INFO - emitting event "state_update" to all [/]
2025-07-16 22:19:13,007 - INFO - State update emitted via WebSocket
2025-07-16 22:19:13,031 - INFO - emitting event "state_update" to all [/]
2025-07-16 22:19:13,035 - INFO - State update emitted via WebSocket
2025-07-16 22:19:13,137 - INFO - emitting event "state_update" to all [/]
2025-07-16 22:19:13,140 - INFO - State update emitted via WebSocket
2025-07-16 22:19:43,409 - INFO - emitting event "state_update" to all [/]
2025-07-16 22:19:43,414 - INFO - State update emitted via WebSocket
2025-07-16 22:19:43,456 - INFO - emitting event "state_update" to all [/]
2025-07-16 22:19:43,461 - INFO - State update emitted via WebSocket
2025-07-16 22:19:43,483 - INFO - emitting event "state_update" to all [/]
2025-07-16 22:19:43,489 - INFO - State update emitted via WebSocket
2025-07-16 22:19:43,571 - INFO - emitting event "state_update" to all [/]
2025-07-16 22:19:43,573 - INFO - State update emitted via WebSocket
2025-07-16 22:19:55,845 - INFO - emitting event "state_update" to GZo5qSl37NoaB6MBAAAL [/]
2025-07-16 22:20:13,827 - INFO - emitting event "state_update" to all [/]
2025-07-16 22:20:13,829 - INFO - State update emitted via WebSocket
2025-07-16 22:20:13,922 - INFO - emitting event "state_update" to all [/]
2025-07-16 22:20:13,924 - INFO - State update emitted via WebSocket
2025-07-16 22:20:13,944 - INFO - emitting event "state_update" to all [/]
2025-07-16 22:20:13,946 - INFO - State update emitted via WebSocket
2025-07-16 22:20:14,076 - INFO - emitting event "state_update" to all [/]
2025-07-16 22:20:14,077 - INFO - State update emitted via WebSocket
2025-07-16 22:20:44,230 - INFO - emitting event "state_update" to all [/]
2025-07-16 22:20:44,233 - INFO - State update emitted via WebSocket
2025-07-16 22:20:44,332 - INFO - emitting event "state_update" to all [/]
2025-07-16 22:20:44,335 - INFO - State update emitted via WebSocket
2025-07-16 22:20:44,355 - INFO - emitting event "state_update" to all [/]
2025-07-16 22:20:44,357 - INFO - State update emitted via WebSocket
2025-07-16 22:20:44,442 - INFO - emitting event "state_update" to all [/]
2025-07-16 22:20:44,443 - INFO - State update emitted via WebSocket
2025-07-16 22:21:14,547 - INFO - emitting event "state_update" to all [/]
2025-07-16 22:21:14,563 - INFO - State update emitted via WebSocket
2025-07-16 22:21:14,643 - INFO - emitting event "state_update" to all [/]
2025-07-16 22:21:14,646 - INFO - State update emitted via WebSocket
2025-07-16 22:21:14,666 - INFO - emitting event "state_update" to all [/]
2025-07-16 22:21:14,668 - INFO - State update emitted via WebSocket
2025-07-16 22:21:14,798 - INFO - emitting event "state_update" to all [/]
2025-07-16 22:21:14,800 - INFO - State update emitted via WebSocket
2025-07-16 22:21:30,424 - INFO - emitting event "state_update" to all [/]
2025-07-16 22:21:30,425 - INFO - State update emitted via WebSocket
2025-07-16 22:21:30,425 - INFO - emitting event "state_update" to all [/]
2025-07-16 22:21:30,426 - INFO - State update emitted via WebSocket
2025-07-16 22:21:30,427 - INFO - emitting event "state_update" to all [/]
2025-07-16 22:21:30,428 - INFO - State update emitted via WebSocket
2025-07-16 22:21:30,428 - INFO - emitting event "state_update" to all [/]
2025-07-16 22:21:30,429 - INFO - State update emitted via WebSocket
2025-07-16 22:21:30,430 - INFO - emitting event "state_update" to all [/]
2025-07-16 22:21:30,430 - INFO - State update emitted via WebSocket
2025-07-16 22:21:30,431 - INFO - emitting event "state_update" to all [/]
2025-07-16 22:21:30,432 - INFO - State update emitted via WebSocket
2025-07-16 22:21:30,432 - INFO - emitting event "state_update" to all [/]
2025-07-16 22:21:30,433 - INFO - State update emitted via WebSocket
2025-07-16 22:21:30,434 - INFO - emitting event "state_update" to all [/]
2025-07-16 22:21:30,434 - INFO - State update emitted via WebSocket
2025-07-16 22:21:30,435 - INFO - emitting event "state_update" to all [/]
2025-07-16 22:21:30,436 - INFO - State update emitted via WebSocket
2025-07-16 22:21:30,480 - INFO - emitting event "state_update" to DuwkA4zd3vgVzvcaAAAB [/]
2025-07-16 22:21:30,496 - INFO - emitting event "state_update" to all [/]
2025-07-16 22:21:30,504 - INFO - State update emitted via WebSocket
2025-07-16 22:21:30,542 - INFO - emitting event "state_update" to all [/]
2025-07-16 22:21:30,544 - INFO - State update emitted via WebSocket
2025-07-16 22:21:30,564 - INFO - emitting event "state_update" to all [/]
2025-07-16 22:21:30,566 - INFO - State update emitted via WebSocket
2025-07-16 22:21:30,649 - INFO - emitting event "state_update" to all [/]
2025-07-16 22:21:30,651 - INFO - State update emitted via WebSocket
2025-07-16 22:22:00,725 - INFO - emitting event "state_update" to all [/]
2025-07-16 22:22:00,729 - INFO - State update emitted via WebSocket
2025-07-16 22:22:00,827 - INFO - emitting event "state_update" to all [/]
2025-07-16 22:22:00,831 - INFO - State update emitted via WebSocket
2025-07-16 22:22:00,853 - INFO - emitting event "state_update" to all [/]
2025-07-16 22:22:00,856 - INFO - State update emitted via WebSocket
2025-07-16 22:22:00,970 - INFO - emitting event "state_update" to all [/]
2025-07-16 22:22:00,972 - INFO - State update emitted via WebSocket
2025-07-16 22:22:30,374 - INFO - emitting event "state_update" to bFS9jaRRSugYSHUyAAAE [/]
2025-07-16 22:22:31,138 - INFO - emitting event "state_update" to all [/]
2025-07-16 22:22:31,141 - INFO - State update emitted via WebSocket
2025-07-16 22:22:31,182 - INFO - emitting event "state_update" to all [/]
2025-07-16 22:22:31,185 - INFO - State update emitted via WebSocket
2025-07-16 22:22:31,207 - INFO - emitting event "state_update" to all [/]
2025-07-16 22:22:31,209 - INFO - State update emitted via WebSocket
2025-07-16 22:22:31,382 - INFO - emitting event "state_update" to all [/]
2025-07-16 22:22:31,384 - INFO - State update emitted via WebSocket
2025-07-16 22:23:01,654 - INFO - emitting event "state_update" to all [/]
2025-07-16 22:23:01,656 - INFO - State update emitted via WebSocket
2025-07-16 22:23:01,753 - INFO - emitting event "state_update" to all [/]
2025-07-16 22:23:01,755 - INFO - State update emitted via WebSocket
2025-07-16 22:23:01,775 - INFO - emitting event "state_update" to all [/]
2025-07-16 22:23:01,777 - INFO - State update emitted via WebSocket
2025-07-16 22:23:02,008 - INFO - emitting event "state_update" to all [/]
2025-07-16 22:23:02,010 - INFO - State update emitted via WebSocket
2025-07-16 22:23:32,783 - INFO - emitting event "state_update" to all [/]
2025-07-16 22:23:32,787 - INFO - State update emitted via WebSocket
2025-07-16 22:23:32,885 - INFO - emitting event "state_update" to all [/]
2025-07-16 22:23:32,890 - INFO - State update emitted via WebSocket
2025-07-16 22:23:32,911 - INFO - emitting event "state_update" to all [/]
2025-07-16 22:23:32,913 - INFO - State update emitted via WebSocket
2025-07-16 22:23:33,235 - INFO - emitting event "state_update" to all [/]
2025-07-16 22:23:33,236 - INFO - State update emitted via WebSocket
2025-07-16 22:24:19,923 - INFO - emitting event "state_update" to all [/]
2025-07-16 22:24:19,925 - INFO - State update emitted via WebSocket
2025-07-16 22:24:19,925 - INFO - emitting event "state_update" to all [/]
2025-07-16 22:24:19,927 - INFO - State update emitted via WebSocket
2025-07-16 22:24:19,927 - INFO - emitting event "state_update" to all [/]
2025-07-16 22:24:19,928 - INFO - State update emitted via WebSocket
2025-07-16 22:24:19,929 - INFO - emitting event "state_update" to all [/]
2025-07-16 22:24:19,929 - INFO - State update emitted via WebSocket
2025-07-16 22:24:19,930 - INFO - emitting event "state_update" to all [/]
2025-07-16 22:24:19,931 - INFO - State update emitted via WebSocket
2025-07-16 22:24:19,931 - INFO - emitting event "state_update" to all [/]
2025-07-16 22:24:19,933 - INFO - State update emitted via WebSocket
2025-07-16 22:24:19,933 - INFO - emitting event "state_update" to all [/]
2025-07-16 22:24:19,934 - INFO - State update emitted via WebSocket
2025-07-16 22:24:19,935 - INFO - emitting event "state_update" to all [/]
2025-07-16 22:24:19,935 - INFO - State update emitted via WebSocket
2025-07-16 22:24:19,936 - INFO - emitting event "state_update" to all [/]
2025-07-16 22:24:19,937 - INFO - State update emitted via WebSocket
2025-07-16 22:24:19,982 - INFO - emitting event "state_update" to all [/]
2025-07-16 22:24:19,982 - INFO - State update emitted via WebSocket
2025-07-16 22:24:20,027 - INFO - emitting event "state_update" to all [/]
2025-07-16 22:24:20,027 - INFO - State update emitted via WebSocket
2025-07-16 22:24:20,049 - INFO - emitting event "state_update" to all [/]
2025-07-16 22:24:20,049 - INFO - State update emitted via WebSocket
2025-07-16 22:24:20,135 - INFO - emitting event "state_update" to all [/]
2025-07-16 22:24:20,136 - INFO - State update emitted via WebSocket
2025-07-16 22:24:21,353 - INFO - emitting event "state_update" to L9em4yqfsQ6aw3elAAAC [/]
2025-07-16 22:24:50,198 - INFO - emitting event "state_update" to all [/]
2025-07-16 22:24:50,202 - INFO - State update emitted via WebSocket
2025-07-16 22:24:50,299 - INFO - emitting event "state_update" to all [/]
2025-07-16 22:24:50,303 - INFO - State update emitted via WebSocket
2025-07-16 22:24:50,332 - INFO - emitting event "state_update" to all [/]
2025-07-16 22:24:50,337 - INFO - State update emitted via WebSocket
2025-07-16 22:24:50,446 - INFO - emitting event "state_update" to all [/]
2025-07-16 22:24:50,449 - INFO - State update emitted via WebSocket
2025-07-16 22:25:20,510 - INFO - emitting event "state_update" to all [/]
2025-07-16 22:25:20,514 - INFO - State update emitted via WebSocket
2025-07-16 22:25:20,611 - INFO - emitting event "state_update" to all [/]
2025-07-16 22:25:20,615 - INFO - State update emitted via WebSocket
2025-07-16 22:25:20,639 - INFO - emitting event "state_update" to all [/]
2025-07-16 22:25:20,642 - INFO - State update emitted via WebSocket
2025-07-16 22:25:20,756 - INFO - emitting event "state_update" to all [/]
2025-07-16 22:25:20,758 - INFO - State update emitted via WebSocket
2025-07-16 22:25:50,824 - INFO - emitting event "state_update" to all [/]
2025-07-16 22:25:50,829 - INFO - State update emitted via WebSocket
2025-07-16 22:25:50,921 - INFO - emitting event "state_update" to all [/]
2025-07-16 22:25:50,924 - INFO - State update emitted via WebSocket
2025-07-16 22:25:50,946 - INFO - emitting event "state_update" to all [/]
2025-07-16 22:25:50,949 - INFO - State update emitted via WebSocket
2025-07-16 22:25:51,065 - INFO - emitting event "state_update" to all [/]
2025-07-16 22:25:51,068 - INFO - State update emitted via WebSocket
2025-07-16 22:26:21,132 - INFO - emitting event "state_update" to all [/]
2025-07-16 22:26:21,136 - INFO - State update emitted via WebSocket
2025-07-16 22:26:21,233 - INFO - emitting event "state_update" to all [/]
2025-07-16 22:26:21,236 - INFO - State update emitted via WebSocket
2025-07-16 22:26:21,259 - INFO - emitting event "state_update" to all [/]
2025-07-16 22:26:21,262 - INFO - State update emitted via WebSocket
2025-07-16 22:26:21,375 - INFO - emitting event "state_update" to all [/]
2025-07-16 22:26:21,376 - INFO - State update emitted via WebSocket
2025-07-16 22:26:51,446 - INFO - emitting event "state_update" to all [/]
2025-07-16 22:26:51,450 - INFO - State update emitted via WebSocket
2025-07-16 22:26:51,544 - INFO - emitting event "state_update" to all [/]
2025-07-16 22:26:51,547 - INFO - State update emitted via WebSocket
2025-07-16 22:26:51,569 - INFO - emitting event "state_update" to all [/]
2025-07-16 22:26:51,572 - INFO - State update emitted via WebSocket
2025-07-16 22:26:51,689 - INFO - emitting event "state_update" to all [/]
2025-07-16 22:26:51,691 - INFO - State update emitted via WebSocket
2025-07-16 22:27:21,752 - INFO - emitting event "state_update" to all [/]
2025-07-16 22:27:21,756 - INFO - State update emitted via WebSocket
2025-07-16 22:27:21,857 - INFO - emitting event "state_update" to all [/]
2025-07-16 22:27:21,862 - INFO - State update emitted via WebSocket
2025-07-16 22:27:21,883 - INFO - emitting event "state_update" to all [/]
2025-07-16 22:27:21,888 - INFO - State update emitted via WebSocket
2025-07-16 22:27:21,998 - INFO - emitting event "state_update" to all [/]
2025-07-16 22:27:21,999 - INFO - State update emitted via WebSocket
2025-07-16 22:27:52,063 - INFO - emitting event "state_update" to all [/]
2025-07-16 22:27:52,065 - INFO - State update emitted via WebSocket
2025-07-16 22:27:52,269 - INFO - emitting event "state_update" to all [/]
2025-07-16 22:27:52,272 - INFO - State update emitted via WebSocket
2025-07-16 22:27:52,291 - INFO - emitting event "state_update" to all [/]
2025-07-16 22:27:52,293 - INFO - State update emitted via WebSocket
2025-07-16 22:27:52,409 - INFO - emitting event "state_update" to all [/]
2025-07-16 22:27:52,410 - INFO - State update emitted via WebSocket
2025-07-16 22:28:22,479 - INFO - emitting event "state_update" to all [/]
2025-07-16 22:28:22,482 - INFO - State update emitted via WebSocket
2025-07-16 22:28:22,580 - INFO - emitting event "state_update" to all [/]
2025-07-16 22:28:22,583 - INFO - State update emitted via WebSocket
2025-07-16 22:28:22,609 - INFO - emitting event "state_update" to all [/]
2025-07-16 22:28:22,612 - INFO - State update emitted via WebSocket
2025-07-16 22:28:22,722 - INFO - emitting event "state_update" to all [/]
2025-07-16 22:28:22,724 - INFO - State update emitted via WebSocket
2025-07-16 22:28:52,787 - INFO - emitting event "state_update" to all [/]
2025-07-16 22:28:52,791 - INFO - State update emitted via WebSocket
2025-07-16 22:28:52,886 - INFO - emitting event "state_update" to all [/]
2025-07-16 22:28:52,888 - INFO - State update emitted via WebSocket
2025-07-16 22:28:52,910 - INFO - emitting event "state_update" to all [/]
2025-07-16 22:28:52,913 - INFO - State update emitted via WebSocket
2025-07-16 22:28:53,036 - INFO - emitting event "state_update" to all [/]
2025-07-16 22:28:53,039 - INFO - State update emitted via WebSocket
2025-07-16 22:29:23,098 - INFO - emitting event "state_update" to all [/]
2025-07-16 22:29:23,100 - INFO - State update emitted via WebSocket
2025-07-16 22:29:23,199 - INFO - emitting event "state_update" to all [/]
2025-07-16 22:29:23,201 - INFO - State update emitted via WebSocket
2025-07-16 22:29:23,222 - INFO - emitting event "state_update" to all [/]
2025-07-16 22:29:23,224 - INFO - State update emitted via WebSocket
2025-07-16 22:29:23,342 - INFO - emitting event "state_update" to all [/]
2025-07-16 22:29:23,344 - INFO - State update emitted via WebSocket
2025-07-16 22:29:53,409 - INFO - emitting event "state_update" to all [/]
2025-07-16 22:29:53,411 - INFO - State update emitted via WebSocket
2025-07-16 22:29:53,507 - INFO - emitting event "state_update" to all [/]
2025-07-16 22:29:53,509 - INFO - State update emitted via WebSocket
2025-07-16 22:29:53,529 - INFO - emitting event "state_update" to all [/]
2025-07-16 22:29:53,531 - INFO - State update emitted via WebSocket
2025-07-16 22:29:53,657 - INFO - emitting event "state_update" to all [/]
2025-07-16 22:29:53,658 - INFO - State update emitted via WebSocket
2025-07-16 22:30:23,721 - INFO - emitting event "state_update" to all [/]
2025-07-16 22:30:23,723 - INFO - State update emitted via WebSocket
2025-07-16 22:30:23,820 - INFO - emitting event "state_update" to all [/]
2025-07-16 22:30:23,822 - INFO - State update emitted via WebSocket
2025-07-16 22:30:23,842 - INFO - emitting event "state_update" to all [/]
2025-07-16 22:30:23,843 - INFO - State update emitted via WebSocket
2025-07-16 22:30:23,965 - INFO - emitting event "state_update" to all [/]
2025-07-16 22:30:23,966 - INFO - State update emitted via WebSocket
2025-07-16 22:30:54,027 - INFO - emitting event "state_update" to all [/]
2025-07-16 22:30:54,030 - INFO - State update emitted via WebSocket
2025-07-16 22:30:54,071 - INFO - emitting event "state_update" to all [/]
2025-07-16 22:30:54,074 - INFO - State update emitted via WebSocket
2025-07-16 22:30:54,095 - INFO - emitting event "state_update" to all [/]
2025-07-16 22:30:54,097 - INFO - State update emitted via WebSocket
2025-07-16 22:30:54,273 - INFO - emitting event "state_update" to all [/]
2025-07-16 22:30:54,274 - INFO - State update emitted via WebSocket
2025-07-16 22:31:24,339 - INFO - emitting event "state_update" to all [/]
2025-07-16 22:31:24,343 - INFO - State update emitted via WebSocket
2025-07-16 22:31:24,443 - INFO - emitting event "state_update" to all [/]
2025-07-16 22:31:24,446 - INFO - State update emitted via WebSocket
2025-07-16 22:31:24,469 - INFO - emitting event "state_update" to all [/]
2025-07-16 22:31:24,472 - INFO - State update emitted via WebSocket
2025-07-16 22:31:24,583 - INFO - emitting event "state_update" to all [/]
2025-07-16 22:31:24,585 - INFO - State update emitted via WebSocket
2025-07-16 22:31:54,648 - INFO - emitting event "state_update" to all [/]
2025-07-16 22:31:54,650 - INFO - State update emitted via WebSocket
2025-07-16 22:31:54,691 - INFO - emitting event "state_update" to all [/]
2025-07-16 22:31:54,693 - INFO - State update emitted via WebSocket
2025-07-16 22:31:54,713 - INFO - emitting event "state_update" to all [/]
2025-07-16 22:31:54,716 - INFO - State update emitted via WebSocket
2025-07-16 22:31:54,893 - INFO - emitting event "state_update" to all [/]
2025-07-16 22:31:54,894 - INFO - State update emitted via WebSocket
2025-07-16 22:32:24,966 - INFO - emitting event "state_update" to all [/]
2025-07-16 22:32:24,970 - INFO - State update emitted via WebSocket
2025-07-16 22:32:25,061 - INFO - emitting event "state_update" to all [/]
2025-07-16 22:32:25,063 - INFO - State update emitted via WebSocket
2025-07-16 22:32:25,085 - INFO - emitting event "state_update" to all [/]
2025-07-16 22:32:25,088 - INFO - State update emitted via WebSocket
2025-07-16 22:32:25,206 - INFO - emitting event "state_update" to all [/]
2025-07-16 22:32:25,208 - INFO - State update emitted via WebSocket
2025-07-16 22:32:55,270 - INFO - emitting event "state_update" to all [/]
2025-07-16 22:32:55,272 - INFO - State update emitted via WebSocket
2025-07-16 22:32:55,313 - INFO - emitting event "state_update" to all [/]
2025-07-16 22:32:55,315 - INFO - State update emitted via WebSocket
2025-07-16 22:32:55,335 - INFO - emitting event "state_update" to all [/]
2025-07-16 22:32:55,337 - INFO - State update emitted via WebSocket
2025-07-16 22:32:55,515 - INFO - emitting event "state_update" to all [/]
2025-07-16 22:32:55,517 - INFO - State update emitted via WebSocket
2025-07-16 22:33:25,581 - INFO - emitting event "state_update" to all [/]
2025-07-16 22:33:25,582 - INFO - State update emitted via WebSocket
2025-07-16 22:33:25,683 - INFO - emitting event "state_update" to all [/]
2025-07-16 22:33:25,684 - INFO - State update emitted via WebSocket
2025-07-16 22:33:25,705 - INFO - emitting event "state_update" to all [/]
2025-07-16 22:33:25,706 - INFO - State update emitted via WebSocket
2025-07-16 22:33:25,825 - INFO - emitting event "state_update" to all [/]
2025-07-16 22:33:25,826 - INFO - State update emitted via WebSocket
2025-07-16 22:33:55,894 - INFO - emitting event "state_update" to all [/]
2025-07-16 22:33:55,897 - INFO - State update emitted via WebSocket
2025-07-16 22:33:55,996 - INFO - emitting event "state_update" to all [/]
2025-07-16 22:33:55,998 - INFO - State update emitted via WebSocket
2025-07-16 22:33:56,019 - INFO - emitting event "state_update" to all [/]
2025-07-16 22:33:56,024 - INFO - State update emitted via WebSocket
2025-07-16 22:33:56,136 - INFO - emitting event "state_update" to all [/]
2025-07-16 22:33:56,137 - INFO - State update emitted via WebSocket
2025-07-16 22:34:17,251 - INFO - emitting event "state_update" to all [/]
2025-07-16 22:34:17,252 - INFO - State update emitted via WebSocket
2025-07-16 22:34:17,252 - INFO - emitting event "state_update" to all [/]
2025-07-16 22:34:17,253 - INFO - State update emitted via WebSocket
2025-07-16 22:34:17,253 - INFO - emitting event "state_update" to all [/]
2025-07-16 22:34:17,254 - INFO - State update emitted via WebSocket
2025-07-16 22:34:17,254 - INFO - emitting event "state_update" to all [/]
2025-07-16 22:34:17,255 - INFO - State update emitted via WebSocket
2025-07-16 22:34:17,255 - INFO - emitting event "state_update" to all [/]
2025-07-16 22:34:17,256 - INFO - State update emitted via WebSocket
2025-07-16 22:34:17,256 - INFO - emitting event "state_update" to all [/]
2025-07-16 22:34:17,256 - INFO - State update emitted via WebSocket
2025-07-16 22:34:17,257 - INFO - emitting event "state_update" to all [/]
2025-07-16 22:34:17,257 - INFO - State update emitted via WebSocket
2025-07-16 22:34:17,258 - INFO - emitting event "state_update" to all [/]
2025-07-16 22:34:17,258 - INFO - State update emitted via WebSocket
2025-07-16 22:34:17,259 - INFO - emitting event "state_update" to all [/]
2025-07-16 22:34:17,259 - INFO - State update emitted via WebSocket
2025-07-16 22:34:17,308 - INFO - emitting event "state_update" to all [/]
2025-07-16 22:34:17,309 - INFO - State update emitted via WebSocket
2025-07-16 22:34:17,354 - INFO - emitting event "state_update" to all [/]
2025-07-16 22:34:17,355 - INFO - State update emitted via WebSocket
2025-07-16 22:34:17,376 - INFO - emitting event "state_update" to all [/]
2025-07-16 22:34:17,377 - INFO - State update emitted via WebSocket
2025-07-16 22:34:17,649 - INFO - emitting event "state_update" to all [/]
2025-07-16 22:34:17,649 - INFO - State update emitted via WebSocket
2025-07-16 22:34:18,862 - INFO - emitting event "state_update" to 7Kv3sF-DBeD4E3ALAAAB [/]
2025-07-16 22:34:47,706 - INFO - emitting event "state_update" to all [/]
2025-07-16 22:34:47,708 - INFO - State update emitted via WebSocket
2025-07-16 22:34:47,806 - INFO - emitting event "state_update" to all [/]
2025-07-16 22:34:47,808 - INFO - State update emitted via WebSocket
2025-07-16 22:34:47,828 - INFO - emitting event "state_update" to all [/]
2025-07-16 22:34:47,830 - INFO - State update emitted via WebSocket
2025-07-16 22:34:47,914 - INFO - emitting event "state_update" to all [/]
2025-07-16 22:34:47,916 - INFO - State update emitted via WebSocket
2025-07-16 22:35:18,018 - INFO - emitting event "state_update" to all [/]
2025-07-16 22:35:18,021 - INFO - State update emitted via WebSocket
2025-07-16 22:35:18,061 - INFO - emitting event "state_update" to all [/]
2025-07-16 22:35:18,063 - INFO - State update emitted via WebSocket
2025-07-16 22:35:18,084 - INFO - emitting event "state_update" to all [/]
2025-07-16 22:35:18,086 - INFO - State update emitted via WebSocket
2025-07-16 22:35:18,261 - INFO - emitting event "state_update" to all [/]
2025-07-16 22:35:18,263 - INFO - State update emitted via WebSocket
2025-07-16 22:35:48,325 - INFO - emitting event "state_update" to all [/]
2025-07-16 22:35:48,327 - INFO - State update emitted via WebSocket
2025-07-16 22:35:48,427 - INFO - emitting event "state_update" to all [/]
2025-07-16 22:35:48,429 - INFO - State update emitted via WebSocket
2025-07-16 22:35:48,450 - INFO - emitting event "state_update" to all [/]
2025-07-16 22:35:48,451 - INFO - State update emitted via WebSocket
2025-07-16 22:35:48,537 - INFO - emitting event "state_update" to all [/]
2025-07-16 22:35:48,538 - INFO - State update emitted via WebSocket
2025-07-16 22:36:18,636 - INFO - emitting event "state_update" to all [/]
2025-07-16 22:36:18,638 - INFO - State update emitted via WebSocket
2025-07-16 22:36:18,678 - INFO - emitting event "state_update" to all [/]
2025-07-16 22:36:18,679 - INFO - State update emitted via WebSocket
2025-07-16 22:36:18,701 - INFO - emitting event "state_update" to all [/]
2025-07-16 22:36:18,703 - INFO - State update emitted via WebSocket
2025-07-16 22:36:18,890 - INFO - emitting event "state_update" to all [/]
2025-07-16 22:36:18,891 - INFO - State update emitted via WebSocket
2025-07-16 22:36:48,958 - INFO - emitting event "state_update" to all [/]
2025-07-16 22:36:48,960 - INFO - State update emitted via WebSocket
2025-07-16 22:36:49,060 - INFO - emitting event "state_update" to all [/]
2025-07-16 22:36:49,063 - INFO - State update emitted via WebSocket
2025-07-16 22:36:49,083 - INFO - emitting event "state_update" to all [/]
2025-07-16 22:36:49,085 - INFO - State update emitted via WebSocket
2025-07-16 22:36:49,172 - INFO - emitting event "state_update" to all [/]
2025-07-16 22:36:49,173 - INFO - State update emitted via WebSocket
2025-07-16 22:37:19,268 - INFO - emitting event "state_update" to all [/]
2025-07-16 22:37:19,271 - INFO - State update emitted via WebSocket
2025-07-16 22:37:19,315 - INFO - emitting event "state_update" to all [/]
2025-07-16 22:37:19,317 - INFO - State update emitted via WebSocket
2025-07-16 22:37:19,337 - INFO - emitting event "state_update" to all [/]
2025-07-16 22:37:19,339 - INFO - State update emitted via WebSocket
2025-07-16 22:37:19,515 - INFO - emitting event "state_update" to all [/]
2025-07-16 22:37:19,516 - INFO - State update emitted via WebSocket
2025-07-16 22:37:49,581 - INFO - emitting event "state_update" to all [/]
2025-07-16 22:37:49,583 - INFO - State update emitted via WebSocket
2025-07-16 22:37:49,683 - INFO - emitting event "state_update" to all [/]
2025-07-16 22:37:49,686 - INFO - State update emitted via WebSocket
2025-07-16 22:37:49,706 - INFO - emitting event "state_update" to all [/]
2025-07-16 22:37:49,709 - INFO - State update emitted via WebSocket
2025-07-16 22:37:49,791 - INFO - emitting event "state_update" to all [/]
2025-07-16 22:37:49,793 - INFO - State update emitted via WebSocket
2025-07-16 22:38:19,893 - INFO - emitting event "state_update" to all [/]
2025-07-16 22:38:19,895 - INFO - State update emitted via WebSocket
2025-07-16 22:38:19,996 - INFO - emitting event "state_update" to all [/]
2025-07-16 22:38:20,001 - INFO - State update emitted via WebSocket
2025-07-16 22:38:20,026 - INFO - emitting event "state_update" to all [/]
2025-07-16 22:38:20,031 - INFO - State update emitted via WebSocket
2025-07-16 22:38:20,139 - INFO - emitting event "state_update" to all [/]
2025-07-16 22:38:20,141 - INFO - State update emitted via WebSocket
2025-07-16 22:38:50,203 - INFO - emitting event "state_update" to all [/]
2025-07-16 22:38:50,206 - INFO - State update emitted via WebSocket
2025-07-16 22:38:50,303 - INFO - emitting event "state_update" to all [/]
2025-07-16 22:38:50,305 - INFO - State update emitted via WebSocket
2025-07-16 22:38:50,328 - INFO - emitting event "state_update" to all [/]
2025-07-16 22:38:50,330 - INFO - State update emitted via WebSocket
2025-07-16 22:38:50,414 - INFO - emitting event "state_update" to all [/]
2025-07-16 22:38:50,416 - INFO - State update emitted via WebSocket
2025-07-16 22:39:20,516 - INFO - emitting event "state_update" to all [/]
2025-07-16 22:39:20,520 - INFO - State update emitted via WebSocket
2025-07-16 22:39:20,565 - INFO - emitting event "state_update" to all [/]
2025-07-16 22:39:20,569 - INFO - State update emitted via WebSocket
2025-07-16 22:39:20,591 - INFO - emitting event "state_update" to all [/]
2025-07-16 22:39:20,593 - INFO - State update emitted via WebSocket
2025-07-16 22:39:20,758 - INFO - emitting event "state_update" to all [/]
2025-07-16 22:39:20,759 - INFO - State update emitted via WebSocket
2025-07-16 22:39:50,828 - INFO - emitting event "state_update" to all [/]
2025-07-16 22:39:50,831 - INFO - State update emitted via WebSocket
2025-07-16 22:39:50,874 - INFO - emitting event "state_update" to all [/]
2025-07-16 22:39:50,879 - INFO - State update emitted via WebSocket
2025-07-16 22:39:50,900 - INFO - emitting event "state_update" to all [/]
2025-07-16 22:39:50,903 - INFO - State update emitted via WebSocket
2025-07-16 22:39:50,989 - INFO - emitting event "state_update" to all [/]
2025-07-16 22:39:50,990 - INFO - State update emitted via WebSocket
2025-07-16 22:40:21,134 - INFO - emitting event "state_update" to all [/]
2025-07-16 22:40:21,137 - INFO - State update emitted via WebSocket
2025-07-16 22:40:21,238 - INFO - emitting event "state_update" to all [/]
2025-07-16 22:40:21,242 - INFO - State update emitted via WebSocket
2025-07-16 22:40:21,261 - INFO - emitting event "state_update" to all [/]
2025-07-16 22:40:21,262 - INFO - State update emitted via WebSocket
2025-07-16 22:40:21,385 - INFO - emitting event "state_update" to all [/]
2025-07-16 22:40:21,389 - INFO - State update emitted via WebSocket
